{"/Users/jinhui/development/tools/claude-skill/frontend/src/App.tsx": {"path":"/Users/jinhui/development/tools/claude-skill/frontend/src/App.tsx","statementMap":{"0":{"start":{"line":36,"column":8},"end":{"line":36,"column":null}},"1":{"start":{"line":37,"column":8},"end":{"line":37,"column":null}},"2":{"start":{"line":38,"column":36},"end":{"line":38,"column":null}},"3":{"start":{"line":39,"column":30},"end":{"line":39,"column":null}},"4":{"start":{"line":40,"column":38},"end":{"line":40,"column":null}},"5":{"start":{"line":41,"column":28},"end":{"line":41,"column":null}},"6":{"start":{"line":42,"column":24},"end":{"line":42,"column":null}},"7":{"start":{"line":43,"column":24},"end":{"line":43,"column":null}},"8":{"start":{"line":44,"column":34},"end":{"line":44,"column":null}},"9":{"start":{"line":47,"column":27},"end":{"line":47,"column":null}},"10":{"start":{"line":48,"column":25},"end":{"line":48,"column":null}},"11":{"start":{"line":50,"column":2},"end":{"line":85,"column":null}},"12":{"start":{"line":52,"column":4},"end":{"line":52,"column":null}},"13":{"start":{"line":52,"column":26},"end":{"line":52,"column":null}},"14":{"start":{"line":55,"column":23},"end":{"line":55,"column":null}},"15":{"start":{"line":56,"column":23},"end":{"line":56,"column":null}},"16":{"start":{"line":58,"column":30},"end":{"line":61,"column":null}},"17":{"start":{"line":59,"column":6},"end":{"line":59,"column":null}},"18":{"start":{"line":60,"column":6},"end":{"line":60,"column":null}},"19":{"start":{"line":64,"column":4},"end":{"line":84,"column":null}},"20":{"start":{"line":65,"column":6},"end":{"line":81,"column":null}},"21":{"start":{"line":67,"column":42},"end":{"line":67,"column":null}},"22":{"start":{"line":68,"column":10},"end":{"line":68,"column":null}},"23":{"start":{"line":69,"column":10},"end":{"line":69,"column":null}},"24":{"start":{"line":70,"column":10},"end":{"line":70,"column":null}},"25":{"start":{"line":73,"column":10},"end":{"line":73,"column":null}},"26":{"start":{"line":74,"column":10},"end":{"line":74,"column":null}},"27":{"start":{"line":83,"column":6},"end":{"line":83,"column":null}},"28":{"start":{"line":87,"column":24},"end":{"line":152,"column":null}},"29":{"start":{"line":88,"column":4},"end":{"line":88,"column":null}},"30":{"start":{"line":89,"column":4},"end":{"line":89,"column":null}},"31":{"start":{"line":90,"column":4},"end":{"line":90,"column":null}},"32":{"start":{"line":92,"column":4},"end":{"line":151,"column":null}},"33":{"start":{"line":95,"column":6},"end":{"line":130,"column":null}},"34":{"start":{"line":96,"column":8},"end":{"line":129,"column":null}},"35":{"start":{"line":97,"column":10},"end":{"line":97,"column":null}},"36":{"start":{"line":98,"column":26},"end":{"line":98,"column":null}},"37":{"start":{"line":100,"column":10},"end":{"line":126,"column":null}},"38":{"start":{"line":101,"column":27},"end":{"line":101,"column":null}},"39":{"start":{"line":103,"column":12},"end":{"line":106,"column":null}},"40":{"start":{"line":104,"column":43},"end":{"line":104,"column":57}},"41":{"start":{"line":108,"column":12},"end":{"line":108,"column":null}},"42":{"start":{"line":110,"column":26},"end":{"line":110,"column":null}},"43":{"start":{"line":111,"column":12},"end":{"line":124,"column":null}},"44":{"start":{"line":125,"column":12},"end":{"line":125,"column":null}},"45":{"start":{"line":128,"column":10},"end":{"line":128,"column":null}},"46":{"start":{"line":133,"column":18},"end":{"line":133,"column":null}},"47":{"start":{"line":134,"column":6},"end":{"line":134,"column":null}},"48":{"start":{"line":136,"column":26},"end":{"line":136,"column":null}},"49":{"start":{"line":137,"column":6},"end":{"line":144,"column":null}},"50":{"start":{"line":138,"column":8},"end":{"line":138,"column":null}},"51":{"start":{"line":140,"column":24},"end":{"line":140,"column":null}},"52":{"start":{"line":140,"column":58},"end":{"line":140,"column":94}},"53":{"start":{"line":141,"column":8},"end":{"line":143,"column":null}},"54":{"start":{"line":142,"column":10},"end":{"line":142,"column":null}},"55":{"start":{"line":147,"column":6},"end":{"line":147,"column":null}},"56":{"start":{"line":148,"column":6},"end":{"line":148,"column":null}},"57":{"start":{"line":150,"column":6},"end":{"line":150,"column":null}},"58":{"start":{"line":154,"column":20},"end":{"line":160,"column":null}},"59":{"start":{"line":155,"column":4},"end":{"line":159,"column":null}},"60":{"start":{"line":156,"column":6},"end":{"line":156,"column":null}},"61":{"start":{"line":158,"column":6},"end":{"line":158,"column":null}},"62":{"start":{"line":162,"column":23},"end":{"line":167,"column":null}},"63":{"start":{"line":163,"column":4},"end":{"line":163,"column":null}},"64":{"start":{"line":164,"column":4},"end":{"line":164,"column":null}},"65":{"start":{"line":164,"column":29},"end":{"line":164,"column":null}},"66":{"start":{"line":165,"column":4},"end":{"line":165,"column":null}},"67":{"start":{"line":166,"column":4},"end":{"line":166,"column":null}},"68":{"start":{"line":171,"column":25},"end":{"line":173,"column":null}},"69":{"start":{"line":172,"column":4},"end":{"line":172,"column":null}},"70":{"start":{"line":175,"column":2},"end":{"line":247,"column":null}},"71":{"start":{"line":178,"column":51},"end":{"line":178,"column":73}},"72":{"start":{"line":184,"column":35},"end":{"line":184,"column":56}},"73":{"start":{"line":193,"column":33},"end":{"line":193,"column":null}},"74":{"start":{"line":222,"column":29},"end":{"line":222,"column":null}},"75":{"start":{"line":231,"column":33},"end":{"line":231,"column":54}},"76":{"start":{"line":252,"column":2},"end":{"line":257,"column":null}}},"fnMap":{"0":{"name":"AppContent","decl":{"start":{"line":35,"column":9},"end":{"line":35,"column":22}},"loc":{"start":{"line":35,"column":22},"end":{"line":249,"column":null}},"line":35},"1":{"name":"(anonymous_1)","decl":{"start":{"line":50,"column":12},"end":{"line":50,"column":18}},"loc":{"start":{"line":50,"column":18},"end":{"line":85,"column":5}},"line":50},"2":{"name":"(anonymous_2)","decl":{"start":{"line":58,"column":30},"end":{"line":58,"column":36}},"loc":{"start":{"line":58,"column":36},"end":{"line":61,"column":null}},"line":58},"3":{"name":"(anonymous_3)","decl":{"start":{"line":66,"column":8},"end":{"line":66,"column":9}},"loc":{"start":{"line":66,"column":22},"end":{"line":71,"column":null}},"line":66},"4":{"name":"(anonymous_4)","decl":{"start":{"line":72,"column":8},"end":{"line":72,"column":9}},"loc":{"start":{"line":72,"column":19},"end":{"line":75,"column":null}},"line":72},"5":{"name":"(anonymous_5)","decl":{"start":{"line":87,"column":24},"end":{"line":87,"column":31}},"loc":{"start":{"line":87,"column":47},"end":{"line":152,"column":null}},"line":87},"6":{"name":"(anonymous_6)","decl":{"start":{"line":104,"column":31},"end":{"line":104,"column":32}},"loc":{"start":{"line":104,"column":43},"end":{"line":104,"column":57}},"line":104},"7":{"name":"(anonymous_7)","decl":{"start":{"line":140,"column":46},"end":{"line":140,"column":47}},"loc":{"start":{"line":140,"column":58},"end":{"line":140,"column":94}},"line":140},"8":{"name":"(anonymous_8)","decl":{"start":{"line":154,"column":20},"end":{"line":154,"column":27}},"loc":{"start":{"line":154,"column":45},"end":{"line":160,"column":null}},"line":154},"9":{"name":"(anonymous_9)","decl":{"start":{"line":162,"column":23},"end":{"line":162,"column":24}},"loc":{"start":{"line":162,"column":47},"end":{"line":167,"column":null}},"line":162},"10":{"name":"(anonymous_10)","decl":{"start":{"line":171,"column":25},"end":{"line":171,"column":26}},"loc":{"start":{"line":171,"column":55},"end":{"line":173,"column":null}},"line":171},"11":{"name":"(anonymous_11)","decl":{"start":{"line":178,"column":45},"end":{"line":178,"column":51}},"loc":{"start":{"line":178,"column":51},"end":{"line":178,"column":73}},"line":178},"12":{"name":"(anonymous_12)","decl":{"start":{"line":184,"column":29},"end":{"line":184,"column":35}},"loc":{"start":{"line":184,"column":35},"end":{"line":184,"column":56}},"line":184},"13":{"name":"(anonymous_13)","decl":{"start":{"line":193,"column":26},"end":{"line":193,"column":27}},"loc":{"start":{"line":193,"column":33},"end":{"line":193,"column":null}},"line":193},"14":{"name":"(anonymous_14)","decl":{"start":{"line":222,"column":23},"end":{"line":222,"column":29}},"loc":{"start":{"line":222,"column":29},"end":{"line":222,"column":null}},"line":222},"15":{"name":"(anonymous_15)","decl":{"start":{"line":231,"column":27},"end":{"line":231,"column":33}},"loc":{"start":{"line":231,"column":33},"end":{"line":231,"column":54}},"line":231},"16":{"name":"App","decl":{"start":{"line":251,"column":9},"end":{"line":251,"column":15}},"loc":{"start":{"line":251,"column":15},"end":{"line":259,"column":null}},"line":251}},"branchMap":{"0":{"loc":{"start":{"line":52,"column":4},"end":{"line":52,"column":null}},"type":"if","locations":[{"start":{"line":52,"column":4},"end":{"line":52,"column":null}},{"start":{},"end":{}}],"line":52},"1":{"loc":{"start":{"line":64,"column":4},"end":{"line":84,"column":null}},"type":"if","locations":[{"start":{"line":64,"column":4},"end":{"line":84,"column":null}},{"start":{"line":82,"column":11},"end":{"line":84,"column":null}}],"line":64},"2":{"loc":{"start":{"line":95,"column":6},"end":{"line":130,"column":null}},"type":"if","locations":[{"start":{"line":95,"column":6},"end":{"line":130,"column":null}},{"start":{},"end":{}}],"line":95},"3":{"loc":{"start":{"line":95,"column":10},"end":{"line":95,"column":42}},"type":"binary-expr","locations":[{"start":{"line":95,"column":10},"end":{"line":95,"column":29}},{"start":{"line":95,"column":29},"end":{"line":95,"column":42}}],"line":95},"4":{"loc":{"start":{"line":100,"column":10},"end":{"line":126,"column":null}},"type":"if","locations":[{"start":{"line":100,"column":10},"end":{"line":126,"column":null}},{"start":{},"end":{}}],"line":100},"5":{"loc":{"start":{"line":100,"column":14},"end":{"line":100,"column":85}},"type":"binary-expr","locations":[{"start":{"line":100,"column":14},"end":{"line":100,"column":30}},{"start":{"line":100,"column":30},"end":{"line":100,"column":53}},{"start":{"line":100,"column":53},"end":{"line":100,"column":85}}],"line":100},"6":{"loc":{"start":{"line":137,"column":6},"end":{"line":144,"column":null}},"type":"if","locations":[{"start":{"line":137,"column":6},"end":{"line":144,"column":null}},{"start":{"line":139,"column":13},"end":{"line":144,"column":null}}],"line":137},"7":{"loc":{"start":{"line":137,"column":10},"end":{"line":137,"column":36}},"type":"binary-expr","locations":[{"start":{"line":137,"column":10},"end":{"line":137,"column":24}},{"start":{"line":137,"column":24},"end":{"line":137,"column":36}}],"line":137},"8":{"loc":{"start":{"line":141,"column":8},"end":{"line":143,"column":null}},"type":"if","locations":[{"start":{"line":141,"column":8},"end":{"line":143,"column":null}},{"start":{},"end":{}}],"line":141},"9":{"loc":{"start":{"line":148,"column":15},"end":{"line":148,"column":71}},"type":"binary-expr","locations":[{"start":{"line":148,"column":15},"end":{"line":148,"column":45}},{"start":{"line":148,"column":45},"end":{"line":148,"column":71}}],"line":148},"10":{"loc":{"start":{"line":164,"column":4},"end":{"line":164,"column":null}},"type":"if","locations":[{"start":{"line":164,"column":4},"end":{"line":164,"column":null}},{"start":{},"end":{}}],"line":164},"11":{"loc":{"start":{"line":181,"column":7},"end":{"line":207,"column":null}},"type":"binary-expr","locations":[{"start":{"line":181,"column":7},"end":{"line":181,"column":null}},{"start":{"line":182,"column":8},"end":{"line":207,"column":null}}],"line":181},"12":{"loc":{"start":{"line":211,"column":7},"end":{"line":234,"column":null}},"type":"binary-expr","locations":[{"start":{"line":211,"column":7},"end":{"line":211,"column":null}},{"start":{"line":212,"column":8},"end":{"line":234,"column":null}}],"line":211}},"s":{"0":0,"1":0,"2":0,"3":0,"4":0,"5":0,"6":0,"7":0,"8":0,"9":0,"10":0,"11":0,"12":0,"13":0,"14":0,"15":0,"16":0,"17":0,"18":0,"19":0,"20":0,"21":0,"22":0,"23":0,"24":0,"25":0,"26":0,"27":0,"28":0,"29":0,"30":0,"31":0,"32":0,"33":0,"34":0,"35":0,"36":0,"37":0,"38":0,"39":0,"40":0,"41":0,"42":0,"43":0,"44":0,"45":0,"46":0,"47":0,"48":0,"49":0,"50":0,"51":0,"52":0,"53":0,"54":0,"55":0,"56":0,"57":0,"58":0,"59":0,"60":0,"61":0,"62":0,"63":0,"64":0,"65":0,"66":0,"67":0,"68":0,"69":0,"70":0,"71":0,"72":0,"73":0,"74":0,"75":0,"76":0},"f":{"0":0,"1":0,"2":0,"3":0,"4":0,"5":0,"6":0,"7":0,"8":0,"9":0,"10":0,"11":0,"12":0,"13":0,"14":0,"15":0,"16":0},"b":{"0":[0,0],"1":[0,0],"2":[0,0],"3":[0,0],"4":[0,0],"5":[0,0,0],"6":[0,0],"7":[0,0],"8":[0,0],"9":[0,0],"10":[0,0],"11":[0,0],"12":[0,0]},"meta":{"lastBranch":13,"lastFunction":17,"lastStatement":77,"seen":{"f:35:9:35:22":0,"s:36:8:36:Infinity":0,"s:37:8:37:Infinity":1,"s:38:36:38:Infinity":2,"s:39:30:39:Infinity":3,"s:40:38:40:Infinity":4,"s:41:28:41:Infinity":5,"s:42:24:42:Infinity":6,"s:43:24:43:Infinity":7,"s:44:34:44:Infinity":8,"s:47:27:47:Infinity":9,"s:48:25:48:Infinity":10,"s:50:2:85:Infinity":11,"f:50:12:50:18":1,"b:52:4:52:Infinity:undefined:undefined:undefined:undefined":0,"s:52:4:52:Infinity":12,"s:52:26:52:Infinity":13,"s:55:23:55:Infinity":14,"s:56:23:56:Infinity":15,"s:58:30:61:Infinity":16,"f:58:30:58:36":2,"s:59:6:59:Infinity":17,"s:60:6:60:Infinity":18,"b:64:4:84:Infinity:82:11:84:Infinity":1,"s:64:4:84:Infinity":19,"s:65:6:81:Infinity":20,"f:66:8:66:9":3,"s:67:42:67:Infinity":21,"s:68:10:68:Infinity":22,"s:69:10:69:Infinity":23,"s:70:10:70:Infinity":24,"f:72:8:72:9":4,"s:73:10:73:Infinity":25,"s:74:10:74:Infinity":26,"s:83:6:83:Infinity":27,"s:87:24:152:Infinity":28,"f:87:24:87:31":5,"s:88:4:88:Infinity":29,"s:89:4:89:Infinity":30,"s:90:4:90:Infinity":31,"s:92:4:151:Infinity":32,"b:95:6:130:Infinity:undefined:undefined:undefined:undefined":2,"s:95:6:130:Infinity":33,"b:95:10:95:29:95:29:95:42":3,"s:96:8:129:Infinity":34,"s:97:10:97:Infinity":35,"s:98:26:98:Infinity":36,"b:100:10:126:Infinity:undefined:undefined:undefined:undefined":4,"s:100:10:126:Infinity":37,"b:100:14:100:30:100:30:100:53:100:53:100:85":5,"s:101:27:101:Infinity":38,"s:103:12:106:Infinity":39,"f:104:31:104:32":6,"s:104:43:104:57":40,"s:108:12:108:Infinity":41,"s:110:26:110:Infinity":42,"s:111:12:124:Infinity":43,"s:125:12:125:Infinity":44,"s:128:10:128:Infinity":45,"s:133:18:133:Infinity":46,"s:134:6:134:Infinity":47,"s:136:26:136:Infinity":48,"b:137:6:144:Infinity:139:13:144:Infinity":6,"s:137:6:144:Infinity":49,"b:137:10:137:24:137:24:137:36":7,"s:138:8:138:Infinity":50,"s:140:24:140:Infinity":51,"f:140:46:140:47":7,"s:140:58:140:94":52,"b:141:8:143:Infinity:undefined:undefined:undefined:undefined":8,"s:141:8:143:Infinity":53,"s:142:10:142:Infinity":54,"s:147:6:147:Infinity":55,"s:148:6:148:Infinity":56,"b:148:15:148:45:148:45:148:71":9,"s:150:6:150:Infinity":57,"s:154:20:160:Infinity":58,"f:154:20:154:27":8,"s:155:4:159:Infinity":59,"s:156:6:156:Infinity":60,"s:158:6:158:Infinity":61,"s:162:23:167:Infinity":62,"f:162:23:162:24":9,"s:163:4:163:Infinity":63,"b:164:4:164:Infinity:undefined:undefined:undefined:undefined":10,"s:164:4:164:Infinity":64,"s:164:29:164:Infinity":65,"s:165:4:165:Infinity":66,"s:166:4:166:Infinity":67,"s:171:25:173:Infinity":68,"f:171:25:171:26":10,"s:172:4:172:Infinity":69,"s:175:2:247:Infinity":70,"f:178:45:178:51":11,"s:178:51:178:73":71,"b:181:7:181:Infinity:182:8:207:Infinity":11,"f:184:29:184:35":12,"s:184:35:184:56":72,"f:193:26:193:27":13,"s:193:33:193:Infinity":73,"b:211:7:211:Infinity:212:8:234:Infinity":12,"f:222:23:222:29":14,"s:222:29:222:Infinity":74,"f:231:27:231:33":15,"s:231:33:231:54":75,"f:251:9:251:15":16,"s:252:2:257:Infinity":76}}}
,"/Users/jinhui/development/tools/claude-skill/frontend/src/config.ts": {"path":"/Users/jinhui/development/tools/claude-skill/frontend/src/config.ts","statementMap":{"0":{"start":{"line":4,"column":28},"end":{"line":4,"column":null}}},"fnMap":{},"branchMap":{"0":{"loc":{"start":{"line":4,"column":28},"end":{"line":4,"column":null}},"type":"binary-expr","locations":[{"start":{"line":4,"column":28},"end":{"line":4,"column":60}},{"start":{"line":4,"column":60},"end":{"line":4,"column":null}}],"line":4}},"s":{"0":2},"f":{},"b":{"0":[2,2]},"meta":{"lastBranch":1,"lastFunction":0,"lastStatement":1,"seen":{"s:4:28:4:Infinity":0,"b:4:28:4:60:4:60:4:Infinity":0}}}
,"/Users/jinhui/development/tools/claude-skill/frontend/src/components/ForecastPanel.tsx": {"path":"/Users/jinhui/development/tools/claude-skill/frontend/src/components/ForecastPanel.tsx","statementMap":{"0":{"start":{"line":28,"column":39},"end":{"line":263,"column":null}},"1":{"start":{"line":29,"column":20},"end":{"line":29,"column":null}},"2":{"start":{"line":30,"column":42},"end":{"line":30,"column":null}},"3":{"start":{"line":32,"column":4},"end":{"line":32,"column":null}},"4":{"start":{"line":32,"column":17},"end":{"line":32,"column":null}},"5":{"start":{"line":33,"column":4},"end":{"line":33,"column":null}},"6":{"start":{"line":33,"column":15},"end":{"line":33,"column":null}},"7":{"start":{"line":36,"column":4},"end":{"line":49,"column":null}},"8":{"start":{"line":37,"column":8},"end":{"line":47,"column":null}},"9":{"start":{"line":51,"column":19},"end":{"line":51,"column":null}},"10":{"start":{"line":52,"column":24},"end":{"line":52,"column":null}},"11":{"start":{"line":55,"column":4},"end":{"line":86,"column":null}},"12":{"start":{"line":56,"column":8},"end":{"line":84,"column":null}},"13":{"start":{"line":66,"column":35},"end":{"line":66,"column":null}},"14":{"start":{"line":89,"column":4},"end":{"line":261,"column":null}},"15":{"start":{"line":146,"column":39},"end":{"line":146,"column":null}}},"fnMap":{"0":{"name":"(anonymous_0)","decl":{"start":{"line":28,"column":39},"end":{"line":28,"column":40}},"loc":{"start":{"line":28,"column":69},"end":{"line":263,"column":null}},"line":28},"1":{"name":"(anonymous_1)","decl":{"start":{"line":66,"column":29},"end":{"line":66,"column":35}},"loc":{"start":{"line":66,"column":35},"end":{"line":66,"column":null}},"line":66},"2":{"name":"(anonymous_2)","decl":{"start":{"line":146,"column":33},"end":{"line":146,"column":39}},"loc":{"start":{"line":146,"column":39},"end":{"line":146,"column":null}},"line":146}},"branchMap":{"0":{"loc":{"start":{"line":32,"column":4},"end":{"line":32,"column":null}},"type":"if","locations":[{"start":{"line":32,"column":4},"end":{"line":32,"column":null}},{"start":{},"end":{}}],"line":32},"1":{"loc":{"start":{"line":33,"column":4},"end":{"line":33,"column":null}},"type":"if","locations":[{"start":{"line":33,"column":4},"end":{"line":33,"column":null}},{"start":{},"end":{}}],"line":33},"2":{"loc":{"start":{"line":36,"column":4},"end":{"line":49,"column":null}},"type":"if","locations":[{"start":{"line":36,"column":4},"end":{"line":49,"column":null}},{"start":{},"end":{}}],"line":36},"3":{"loc":{"start":{"line":51,"column":19},"end":{"line":51,"column":null}},"type":"binary-expr","locations":[{"start":{"line":51,"column":19},"end":{"line":51,"column":65}},{"start":{"line":51,"column":65},"end":{"line":51,"column":null}}],"line":51},"4":{"loc":{"start":{"line":52,"column":24},"end":{"line":52,"column":null}},"type":"cond-expr","locations":[{"start":{"line":52,"column":33},"end":{"line":52,"column":55}},{"start":{"line":52,"column":55},"end":{"line":52,"column":null}}],"line":52},"5":{"loc":{"start":{"line":55,"column":4},"end":{"line":86,"column":null}},"type":"if","locations":[{"start":{"line":55,"column":4},"end":{"line":86,"column":null}},{"start":{},"end":{}}],"line":55},"6":{"loc":{"start":{"line":169,"column":17},"end":{"line":191,"column":null}},"type":"binary-expr","locations":[{"start":{"line":169,"column":17},"end":{"line":169,"column":null}},{"start":{"line":170,"column":20},"end":{"line":191,"column":null}}],"line":169},"7":{"loc":{"start":{"line":176,"column":36},"end":{"line":176,"column":null}},"type":"cond-expr","locations":[{"start":{"line":176,"column":45},"end":{"line":176,"column":73}},{"start":{"line":176,"column":73},"end":{"line":176,"column":null}}],"line":176},"8":{"loc":{"start":{"line":177,"column":45},"end":{"line":177,"column":106}},"type":"cond-expr","locations":[{"start":{"line":177,"column":54},"end":{"line":177,"column":81}},{"start":{"line":177,"column":81},"end":{"line":177,"column":106}}],"line":177},"9":{"loc":{"start":{"line":179,"column":62},"end":{"line":179,"column":84}},"type":"cond-expr","locations":[{"start":{"line":179,"column":71},"end":{"line":179,"column":79}},{"start":{"line":179,"column":79},"end":{"line":179,"column":84}}],"line":179},"10":{"loc":{"start":{"line":183,"column":33},"end":{"line":183,"column":null}},"type":"cond-expr","locations":[{"start":{"line":183,"column":42},"end":{"line":183,"column":54}},{"start":{"line":183,"column":54},"end":{"line":183,"column":null}}],"line":183},"11":{"loc":{"start":{"line":186,"column":25},"end":{"line":189,"column":null}},"type":"binary-expr","locations":[{"start":{"line":186,"column":25},"end":{"line":186,"column":null}},{"start":{"line":187,"column":28},"end":{"line":189,"column":null}}],"line":186},"12":{"loc":{"start":{"line":201,"column":21},"end":{"line":216,"column":null}},"type":"binary-expr","locations":[{"start":{"line":201,"column":21},"end":{"line":201,"column":null}},{"start":{"line":202,"column":24},"end":{"line":216,"column":null}}],"line":201},"13":{"loc":{"start":{"line":214,"column":33},"end":{"line":214,"column":null}},"type":"cond-expr","locations":[{"start":{"line":214,"column":77},"end":{"line":214,"column":119}},{"start":{"line":214,"column":119},"end":{"line":214,"column":null}}],"line":214},"14":{"loc":{"start":{"line":220,"column":21},"end":{"line":235,"column":null}},"type":"binary-expr","locations":[{"start":{"line":220,"column":21},"end":{"line":220,"column":null}},{"start":{"line":221,"column":24},"end":{"line":235,"column":null}}],"line":220},"15":{"loc":{"start":{"line":233,"column":33},"end":{"line":233,"column":null}},"type":"cond-expr","locations":[{"start":{"line":233,"column":74},"end":{"line":233,"column":112}},{"start":{"line":233,"column":112},"end":{"line":233,"column":null}}],"line":233},"16":{"loc":{"start":{"line":239,"column":21},"end":{"line":257,"column":null}},"type":"binary-expr","locations":[{"start":{"line":239,"column":21},"end":{"line":239,"column":null}},{"start":{"line":240,"column":24},"end":{"line":257,"column":null}}],"line":239},"17":{"loc":{"start":{"line":253,"column":37},"end":{"line":253,"column":null}},"type":"cond-expr","locations":[{"start":{"line":253,"column":74},"end":{"line":253,"column":107}},{"start":{"line":253,"column":107},"end":{"line":253,"column":null}}],"line":253}},"s":{"0":0,"1":0,"2":0,"3":0,"4":0,"5":0,"6":0,"7":0,"8":0,"9":0,"10":0,"11":0,"12":0,"13":0,"14":0,"15":0},"f":{"0":0,"1":0,"2":0},"b":{"0":[0,0],"1":[0,0],"2":[0,0],"3":[0,0],"4":[0,0],"5":[0,0],"6":[0,0],"7":[0,0],"8":[0,0],"9":[0,0],"10":[0,0],"11":[0,0],"12":[0,0],"13":[0,0],"14":[0,0],"15":[0,0],"16":[0,0],"17":[0,0]},"meta":{"lastBranch":18,"lastFunction":3,"lastStatement":16,"seen":{"s:28:39:263:Infinity":0,"f:28:39:28:40":0,"s:29:20:29:Infinity":1,"s:30:42:30:Infinity":2,"b:32:4:32:Infinity:undefined:undefined:undefined:undefined":0,"s:32:4:32:Infinity":3,"s:32:17:32:Infinity":4,"b:33:4:33:Infinity:undefined:undefined:undefined:undefined":1,"s:33:4:33:Infinity":5,"s:33:15:33:Infinity":6,"b:36:4:49:Infinity:undefined:undefined:undefined:undefined":2,"s:36:4:49:Infinity":7,"s:37:8:47:Infinity":8,"s:51:19:51:Infinity":9,"b:51:19:51:65:51:65:51:Infinity":3,"s:52:24:52:Infinity":10,"b:52:33:52:55:52:55:52:Infinity":4,"b:55:4:86:Infinity:undefined:undefined:undefined:undefined":5,"s:55:4:86:Infinity":11,"s:56:8:84:Infinity":12,"f:66:29:66:35":1,"s:66:35:66:Infinity":13,"s:89:4:261:Infinity":14,"f:146:33:146:39":2,"s:146:39:146:Infinity":15,"b:169:17:169:Infinity:170:20:191:Infinity":6,"b:176:45:176:73:176:73:176:Infinity":7,"b:177:54:177:81:177:81:177:106":8,"b:179:71:179:79:179:79:179:84":9,"b:183:42:183:54:183:54:183:Infinity":10,"b:186:25:186:Infinity:187:28:189:Infinity":11,"b:201:21:201:Infinity:202:24:216:Infinity":12,"b:214:77:214:119:214:119:214:Infinity":13,"b:220:21:220:Infinity:221:24:235:Infinity":14,"b:233:74:233:112:233:112:233:Infinity":15,"b:239:21:239:Infinity:240:24:257:Infinity":16,"b:253:74:253:107:253:107:253:Infinity":17}}}
,"/Users/jinhui/development/tools/claude-skill/frontend/src/components/MapComponent.tsx": {"path":"/Users/jinhui/development/tools/claude-skill/frontend/src/components/MapComponent.tsx","statementMap":{"0":{"start":{"line":15,"column":18},"end":{"line":20,"column":null}},"1":{"start":{"line":22,"column":0},"end":{"line":22,"column":null}},"2":{"start":{"line":39,"column":81},"end":{"line":55,"column":null}},"3":{"start":{"line":40,"column":10},"end":{"line":40,"column":null}},"4":{"start":{"line":42,"column":4},"end":{"line":47,"column":null}},"5":{"start":{"line":44,"column":8},"end":{"line":46,"column":null}},"6":{"start":{"line":45,"column":12},"end":{"line":45,"column":null}},"7":{"start":{"line":49,"column":4},"end":{"line":53,"column":null}},"8":{"start":{"line":50,"column":8},"end":{"line":52,"column":null}},"9":{"start":{"line":51,"column":12},"end":{"line":51,"column":null}},"10":{"start":{"line":54,"column":4},"end":{"line":54,"column":null}},"11":{"start":{"line":57,"column":82},"end":{"line":64,"column":null}},"12":{"start":{"line":58,"column":4},"end":{"line":62,"column":null}},"13":{"start":{"line":60,"column":12},"end":{"line":60,"column":null}},"14":{"start":{"line":63,"column":4},"end":{"line":63,"column":null}},"15":{"start":{"line":67,"column":19},"end":{"line":74,"column":null}},"16":{"start":{"line":67,"column":41},"end":{"line":74,"column":null}},"17":{"start":{"line":76,"column":17},"end":{"line":76,"column":null}},"18":{"start":{"line":77,"column":18},"end":{"line":77,"column":null}},"19":{"start":{"line":78,"column":16},"end":{"line":78,"column":null}},"20":{"start":{"line":95,"column":5},"end":{"line":212,"column":null}},"21":{"start":{"line":96,"column":32},"end":{"line":96,"column":null}},"22":{"start":{"line":97,"column":39},"end":{"line":97,"column":null}},"23":{"start":{"line":99,"column":4},"end":{"line":104,"column":null}},"24":{"start":{"line":101,"column":8},"end":{"line":103,"column":null}},"25":{"start":{"line":102,"column":25},"end":{"line":102,"column":46}},"26":{"start":{"line":103,"column":26},"end":{"line":103,"column":72}},"27":{"start":{"line":107,"column":45},"end":{"line":107,"column":null}},"28":{"start":{"line":108,"column":4},"end":{"line":116,"column":null}},"29":{"start":{"line":110,"column":8},"end":{"line":115,"column":null}},"30":{"start":{"line":111,"column":22},"end":{"line":111,"column":null}},"31":{"start":{"line":111,"column":42},"end":{"line":111,"column":54}},"32":{"start":{"line":112,"column":12},"end":{"line":114,"column":null}},"33":{"start":{"line":113,"column":16},"end":{"line":113,"column":null}},"34":{"start":{"line":118,"column":4},"end":{"line":210,"column":null}},"35":{"start":{"line":154,"column":24},"end":{"line":166,"column":null}},"36":{"start":{"line":186,"column":39},"end":{"line":186,"column":null}},"37":{"start":{"line":190,"column":16},"end":{"line":207,"column":null}},"38":{"start":{"line":198,"column":32},"end":{"line":198,"column":null}}},"fnMap":{"0":{"name":"(anonymous_0)","decl":{"start":{"line":39,"column":81},"end":{"line":39,"column":82}},"loc":{"start":{"line":39,"column":97},"end":{"line":55,"column":null}},"line":39},"1":{"name":"(anonymous_1)","decl":{"start":{"line":42,"column":14},"end":{"line":42,"column":20}},"loc":{"start":{"line":42,"column":20},"end":{"line":47,"column":7}},"line":42},"2":{"name":"(anonymous_2)","decl":{"start":{"line":44,"column":19},"end":{"line":44,"column":25}},"loc":{"start":{"line":44,"column":25},"end":{"line":46,"column":11}},"line":44},"3":{"name":"(anonymous_3)","decl":{"start":{"line":49,"column":14},"end":{"line":49,"column":20}},"loc":{"start":{"line":49,"column":20},"end":{"line":53,"column":7}},"line":49},"4":{"name":"(anonymous_4)","decl":{"start":{"line":57,"column":82},"end":{"line":57,"column":83}},"loc":{"start":{"line":57,"column":99},"end":{"line":64,"column":null}},"line":57},"5":{"name":"(anonymous_5)","decl":{"start":{"line":59,"column":8},"end":{"line":59,"column":14}},"loc":{"start":{"line":59,"column":17},"end":{"line":61,"column":null}},"line":59},"6":{"name":"(anonymous_6)","decl":{"start":{"line":67,"column":19},"end":{"line":67,"column":20}},"loc":{"start":{"line":67,"column":41},"end":{"line":74,"column":null}},"line":67},"7":{"name":"(anonymous_7)","decl":{"start":{"line":95,"column":5},"end":{"line":95,"column":6}},"loc":{"start":{"line":95,"column":76},"end":{"line":212,"column":null}},"line":95},"8":{"name":"(anonymous_8)","decl":{"start":{"line":99,"column":14},"end":{"line":99,"column":20}},"loc":{"start":{"line":99,"column":20},"end":{"line":104,"column":7}},"line":99},"9":{"name":"(anonymous_9)","decl":{"start":{"line":102,"column":18},"end":{"line":102,"column":25}},"loc":{"start":{"line":102,"column":25},"end":{"line":102,"column":46}},"line":102},"10":{"name":"(anonymous_10)","decl":{"start":{"line":103,"column":19},"end":{"line":103,"column":26}},"loc":{"start":{"line":103,"column":26},"end":{"line":103,"column":72}},"line":103},"11":{"name":"(anonymous_11)","decl":{"start":{"line":110,"column":39},"end":{"line":110,"column":45}},"loc":{"start":{"line":110,"column":45},"end":{"line":115,"column":9}},"line":110},"12":{"name":"(anonymous_12)","decl":{"start":{"line":111,"column":36},"end":{"line":111,"column":42}},"loc":{"start":{"line":111,"column":42},"end":{"line":111,"column":54}},"line":111},"13":{"name":"(anonymous_13)","decl":{"start":{"line":153,"column":41},"end":{"line":153,"column":42}},"loc":{"start":{"line":154,"column":24},"end":{"line":166,"column":null}},"line":154},"14":{"name":"(anonymous_14)","decl":{"start":{"line":185,"column":42},"end":{"line":185,"column":53}},"loc":{"start":{"line":185,"column":53},"end":{"line":209,"column":13}},"line":185},"15":{"name":"(anonymous_15)","decl":{"start":{"line":197,"column":35},"end":{"line":197,"column":41}},"loc":{"start":{"line":197,"column":41},"end":{"line":199,"column":null}},"line":197}},"branchMap":{"0":{"loc":{"start":{"line":50,"column":8},"end":{"line":52,"column":null}},"type":"if","locations":[{"start":{"line":50,"column":8},"end":{"line":52,"column":null}},{"start":{},"end":{}}],"line":50},"1":{"loc":{"start":{"line":108,"column":4},"end":{"line":116,"column":null}},"type":"if","locations":[{"start":{"line":108,"column":4},"end":{"line":116,"column":null}},{"start":{},"end":{}}],"line":108},"2":{"loc":{"start":{"line":108,"column":8},"end":{"line":108,"column":71}},"type":"binary-expr","locations":[{"start":{"line":108,"column":8},"end":{"line":108,"column":24}},{"start":{"line":108,"column":24},"end":{"line":108,"column":50}},{"start":{"line":108,"column":50},"end":{"line":108,"column":71}}],"line":108},"3":{"loc":{"start":{"line":112,"column":12},"end":{"line":114,"column":null}},"type":"if","locations":[{"start":{"line":112,"column":12},"end":{"line":114,"column":null}},{"start":{},"end":{}}],"line":112},"4":{"loc":{"start":{"line":129,"column":13},"end":{"line":139,"column":null}},"type":"binary-expr","locations":[{"start":{"line":129,"column":13},"end":{"line":129,"column":null}},{"start":{"line":130,"column":16},"end":{"line":139,"column":null}}],"line":129},"5":{"loc":{"start":{"line":130,"column":16},"end":{"line":139,"column":null}},"type":"cond-expr","locations":[{"start":{"line":131,"column":20},"end":{"line":134,"column":null}},{"start":{"line":136,"column":20},"end":{"line":139,"column":null}}],"line":130},"6":{"loc":{"start":{"line":144,"column":13},"end":{"line":168,"column":null}},"type":"binary-expr","locations":[{"start":{"line":144,"column":13},"end":{"line":144,"column":null}},{"start":{"line":145,"column":16},"end":{"line":168,"column":null}}],"line":144},"7":{"loc":{"start":{"line":164,"column":33},"end":{"line":164,"column":null}},"type":"binary-expr","locations":[{"start":{"line":164,"column":33},"end":{"line":164,"column":60}},{"start":{"line":164,"column":60},"end":{"line":164,"column":null}}],"line":164},"8":{"loc":{"start":{"line":172,"column":13},"end":{"line":181,"column":null}},"type":"binary-expr","locations":[{"start":{"line":172,"column":13},"end":{"line":172,"column":null}},{"start":{"line":173,"column":16},"end":{"line":181,"column":null}}],"line":172},"9":{"loc":{"start":{"line":185,"column":13},"end":{"line":209,"column":null}},"type":"binary-expr","locations":[{"start":{"line":185,"column":13},"end":{"line":185,"column":29}},{"start":{"line":185,"column":29},"end":{"line":209,"column":null}}],"line":185},"10":{"loc":{"start":{"line":194,"column":30},"end":{"line":194,"column":null}},"type":"cond-expr","locations":[{"start":{"line":194,"column":47},"end":{"line":194,"column":59}},{"start":{"line":194,"column":59},"end":{"line":194,"column":null}}],"line":194},"11":{"loc":{"start":{"line":195,"column":38},"end":{"line":195,"column":null}},"type":"cond-expr","locations":[{"start":{"line":195,"column":55},"end":{"line":195,"column":62}},{"start":{"line":195,"column":62},"end":{"line":195,"column":null}}],"line":195},"12":{"loc":{"start":{"line":205,"column":29},"end":{"line":205,"column":null}},"type":"binary-expr","locations":[{"start":{"line":205,"column":29},"end":{"line":205,"column":47}},{"start":{"line":205,"column":47},"end":{"line":205,"column":null}}],"line":205}},"s":{"0":0,"1":0,"2":0,"3":0,"4":0,"5":0,"6":0,"7":0,"8":0,"9":0,"10":0,"11":0,"12":0,"13":0,"14":0,"15":0,"16":0,"17":0,"18":0,"19":0,"20":0,"21":0,"22":0,"23":0,"24":0,"25":0,"26":0,"27":0,"28":0,"29":0,"30":0,"31":0,"32":0,"33":0,"34":0,"35":0,"36":0,"37":0,"38":0},"f":{"0":0,"1":0,"2":0,"3":0,"4":0,"5":0,"6":0,"7":0,"8":0,"9":0,"10":0,"11":0,"12":0,"13":0,"14":0,"15":0},"b":{"0":[0,0],"1":[0,0],"2":[0,0,0],"3":[0,0],"4":[0,0],"5":[0,0],"6":[0,0],"7":[0,0],"8":[0,0],"9":[0,0],"10":[0,0],"11":[0,0],"12":[0,0]},"meta":{"lastBranch":13,"lastFunction":16,"lastStatement":39,"seen":{"s:15:18:20:Infinity":0,"s:22:0:22:Infinity":1,"s:39:81:55:Infinity":2,"f:39:81:39:82":0,"s:40:10:40:Infinity":3,"s:42:4:47:Infinity":4,"f:42:14:42:20":1,"s:44:8:46:Infinity":5,"f:44:19:44:25":2,"s:45:12:45:Infinity":6,"s:49:4:53:Infinity":7,"f:49:14:49:20":3,"b:50:8:52:Infinity:undefined:undefined:undefined:undefined":0,"s:50:8:52:Infinity":8,"s:51:12:51:Infinity":9,"s:54:4:54:Infinity":10,"s:57:82:64:Infinity":11,"f:57:82:57:83":4,"s:58:4:62:Infinity":12,"f:59:8:59:14":5,"s:60:12:60:Infinity":13,"s:63:4:63:Infinity":14,"s:67:19:74:Infinity":15,"f:67:19:67:20":6,"s:67:41:74:Infinity":16,"s:76:17:76:Infinity":17,"s:77:18:77:Infinity":18,"s:78:16:78:Infinity":19,"s:95:5:212:Infinity":20,"f:95:5:95:6":7,"s:96:32:96:Infinity":21,"s:97:39:97:Infinity":22,"s:99:4:104:Infinity":23,"f:99:14:99:20":8,"s:101:8:103:Infinity":24,"f:102:18:102:25":9,"s:102:25:102:46":25,"f:103:19:103:26":10,"s:103:26:103:72":26,"s:107:45:107:Infinity":27,"b:108:4:116:Infinity:undefined:undefined:undefined:undefined":1,"s:108:4:116:Infinity":28,"b:108:8:108:24:108:24:108:50:108:50:108:71":2,"s:110:8:115:Infinity":29,"f:110:39:110:45":11,"s:111:22:111:Infinity":30,"f:111:36:111:42":12,"s:111:42:111:54":31,"b:112:12:114:Infinity:undefined:undefined:undefined:undefined":3,"s:112:12:114:Infinity":32,"s:113:16:113:Infinity":33,"s:118:4:210:Infinity":34,"b:129:13:129:Infinity:130:16:139:Infinity":4,"b:131:20:134:Infinity:136:20:139:Infinity":5,"b:144:13:144:Infinity:145:16:168:Infinity":6,"f:153:41:153:42":13,"s:154:24:166:Infinity":35,"b:164:33:164:60:164:60:164:Infinity":7,"b:172:13:172:Infinity:173:16:181:Infinity":8,"b:185:13:185:29:185:29:209:Infinity":9,"f:185:42:185:53":14,"s:186:39:186:Infinity":36,"s:190:16:207:Infinity":37,"b:194:47:194:59:194:59:194:Infinity":10,"b:195:55:195:62:195:62:195:Infinity":11,"f:197:35:197:41":15,"s:198:32:198:Infinity":38,"b:205:29:205:47:205:47:205:Infinity":12}}}
,"/Users/jinhui/development/tools/claude-skill/frontend/src/components/QuickLinks.tsx": {"path":"/Users/jinhui/development/tools/claude-skill/frontend/src/components/QuickLinks.tsx","statementMap":{"0":{"start":{"line":15,"column":25},"end":{"line":22,"column":null}},"1":{"start":{"line":24,"column":46},"end":{"line":67,"column":null}},"2":{"start":{"line":25,"column":34},"end":{"line":25,"column":null}},"3":{"start":{"line":27,"column":4},"end":{"line":46,"column":null}},"4":{"start":{"line":28,"column":29},"end":{"line":43,"column":null}},"5":{"start":{"line":29,"column":12},"end":{"line":42,"column":null}},"6":{"start":{"line":30,"column":28},"end":{"line":30,"column":null}},"7":{"start":{"line":31,"column":16},"end":{"line":38,"column":null}},"8":{"start":{"line":33,"column":36},"end":{"line":36,"column":null}},"9":{"start":{"line":33,"column":77},"end":{"line":36,"column":22}},"10":{"start":{"line":37,"column":20},"end":{"line":37,"column":null}},"11":{"start":{"line":40,"column":16},"end":{"line":40,"column":null}},"12":{"start":{"line":45,"column":8},"end":{"line":45,"column":null}},"13":{"start":{"line":48,"column":4},"end":{"line":65,"column":null}},"14":{"start":{"line":53,"column":20},"end":{"line":60,"column":null}},"15":{"start":{"line":56,"column":39},"end":{"line":56,"column":null}}},"fnMap":{"0":{"name":"(anonymous_0)","decl":{"start":{"line":24,"column":46},"end":{"line":24,"column":47}},"loc":{"start":{"line":24,"column":72},"end":{"line":67,"column":null}},"line":24},"1":{"name":"(anonymous_1)","decl":{"start":{"line":27,"column":14},"end":{"line":27,"column":20}},"loc":{"start":{"line":27,"column":20},"end":{"line":46,"column":7}},"line":27},"2":{"name":"(anonymous_2)","decl":{"start":{"line":28,"column":29},"end":{"line":28,"column":41}},"loc":{"start":{"line":28,"column":41},"end":{"line":43,"column":null}},"line":28},"3":{"name":"(anonymous_3)","decl":{"start":{"line":33,"column":49},"end":{"line":33,"column":50}},"loc":{"start":{"line":33,"column":77},"end":{"line":36,"column":22}},"line":33},"4":{"name":"(anonymous_4)","decl":{"start":{"line":52,"column":31},"end":{"line":52,"column":32}},"loc":{"start":{"line":53,"column":20},"end":{"line":60,"column":null}},"line":53},"5":{"name":"(anonymous_5)","decl":{"start":{"line":56,"column":33},"end":{"line":56,"column":39}},"loc":{"start":{"line":56,"column":39},"end":{"line":56,"column":null}},"line":56}},"branchMap":{"0":{"loc":{"start":{"line":31,"column":16},"end":{"line":38,"column":null}},"type":"if","locations":[{"start":{"line":31,"column":16},"end":{"line":38,"column":null}},{"start":{},"end":{}}],"line":31},"1":{"loc":{"start":{"line":31,"column":20},"end":{"line":31,"column":53}},"type":"binary-expr","locations":[{"start":{"line":31,"column":20},"end":{"line":31,"column":32}},{"start":{"line":31,"column":32},"end":{"line":31,"column":53}}],"line":31}},"s":{"0":0,"1":0,"2":0,"3":0,"4":0,"5":0,"6":0,"7":0,"8":0,"9":0,"10":0,"11":0,"12":0,"13":0,"14":0,"15":0},"f":{"0":0,"1":0,"2":0,"3":0,"4":0,"5":0},"b":{"0":[0,0],"1":[0,0]},"meta":{"lastBranch":2,"lastFunction":6,"lastStatement":16,"seen":{"s:15:25:22:Infinity":0,"s:24:46:67:Infinity":1,"f:24:46:24:47":0,"s:25:34:25:Infinity":2,"s:27:4:46:Infinity":3,"f:27:14:27:20":1,"s:28:29:43:Infinity":4,"f:28:29:28:41":2,"s:29:12:42:Infinity":5,"s:30:28:30:Infinity":6,"b:31:16:38:Infinity:undefined:undefined:undefined:undefined":0,"s:31:16:38:Infinity":7,"b:31:20:31:32:31:32:31:53":1,"s:33:36:36:Infinity":8,"f:33:49:33:50":3,"s:33:77:36:22":9,"s:37:20:37:Infinity":10,"s:40:16:40:Infinity":11,"s:45:8:45:Infinity":12,"s:48:4:65:Infinity":13,"f:52:31:52:32":4,"s:53:20:60:Infinity":14,"f:56:33:56:39":5,"s:56:39:56:Infinity":15}}}
,"/Users/jinhui/development/tools/claude-skill/frontend/src/components/SideMenu.tsx": {"path":"/Users/jinhui/development/tools/claude-skill/frontend/src/components/SideMenu.tsx","statementMap":{"0":{"start":{"line":9,"column":42},"end":{"line":49,"column":null}},"1":{"start":{"line":10,"column":4},"end":{"line":47,"column":null}}},"fnMap":{"0":{"name":"(anonymous_0)","decl":{"start":{"line":9,"column":42},"end":{"line":9,"column":43}},"loc":{"start":{"line":9,"column":67},"end":{"line":49,"column":null}},"line":9}},"branchMap":{"0":{"loc":{"start":{"line":14,"column":49},"end":{"line":14,"column":69}},"type":"cond-expr","locations":[{"start":{"line":14,"column":58},"end":{"line":14,"column":67}},{"start":{"line":14,"column":67},"end":{"line":14,"column":69}}],"line":14},"1":{"loc":{"start":{"line":19,"column":48},"end":{"line":19,"column":68}},"type":"cond-expr","locations":[{"start":{"line":19,"column":57},"end":{"line":19,"column":66}},{"start":{"line":19,"column":66},"end":{"line":19,"column":68}}],"line":19}},"s":{"0":0,"1":0},"f":{"0":0},"b":{"0":[0,0],"1":[0,0]},"meta":{"lastBranch":2,"lastFunction":1,"lastStatement":2,"seen":{"s:9:42:49:Infinity":0,"f:9:42:9:43":0,"s:10:4:47:Infinity":1,"b:14:58:14:67:14:67:14:69":0,"b:19:57:19:66:19:66:19:68":1}}}
,"/Users/jinhui/development/tools/claude-skill/frontend/src/context/ConfigContext.tsx": {"path":"/Users/jinhui/development/tools/claude-skill/frontend/src/context/ConfigContext.tsx","statementMap":{"0":{"start":{"line":14,"column":6},"end":{"line":14,"column":null}},"1":{"start":{"line":16,"column":71},"end":{"line":78,"column":null}},"2":{"start":{"line":17,"column":30},"end":{"line":29,"column":null}},"3":{"start":{"line":19,"column":22},"end":{"line":19,"column":null}},"4":{"start":{"line":20,"column":8},"end":{"line":27,"column":null}},"5":{"start":{"line":21,"column":12},"end":{"line":26,"column":null}},"6":{"start":{"line":22,"column":31},"end":{"line":22,"column":null}},"7":{"start":{"line":23,"column":16},"end":{"line":23,"column":null}},"8":{"start":{"line":25,"column":16},"end":{"line":25,"column":null}},"9":{"start":{"line":28,"column":8},"end":{"line":28,"column":null}},"10":{"start":{"line":31,"column":40},"end":{"line":34,"column":null}},"11":{"start":{"line":32,"column":22},"end":{"line":32,"column":null}},"12":{"start":{"line":33,"column":8},"end":{"line":33,"column":null}},"13":{"start":{"line":36,"column":40},"end":{"line":39,"column":null}},"14":{"start":{"line":37,"column":22},"end":{"line":37,"column":null}},"15":{"start":{"line":38,"column":8},"end":{"line":38,"column":null}},"16":{"start":{"line":41,"column":4},"end":{"line":43,"column":null}},"17":{"start":{"line":42,"column":8},"end":{"line":42,"column":null}},"18":{"start":{"line":45,"column":4},"end":{"line":47,"column":null}},"19":{"start":{"line":46,"column":8},"end":{"line":46,"column":null}},"20":{"start":{"line":49,"column":4},"end":{"line":51,"column":null}},"21":{"start":{"line":50,"column":8},"end":{"line":50,"column":null}},"22":{"start":{"line":53,"column":25},"end":{"line":63,"column":null}},"23":{"start":{"line":54,"column":8},"end":{"line":62,"column":null}},"24":{"start":{"line":55,"column":25},"end":{"line":55,"column":null}},"25":{"start":{"line":56,"column":12},"end":{"line":60,"column":null}},"26":{"start":{"line":57,"column":16},"end":{"line":57,"column":null}},"27":{"start":{"line":59,"column":16},"end":{"line":59,"column":null}},"28":{"start":{"line":61,"column":12},"end":{"line":61,"column":null}},"29":{"start":{"line":65,"column":31},"end":{"line":67,"column":null}},"30":{"start":{"line":66,"column":8},"end":{"line":66,"column":null}},"31":{"start":{"line":66,"column":32},"end":{"line":66,"column":37}},"32":{"start":{"line":69,"column":31},"end":{"line":71,"column":null}},"33":{"start":{"line":70,"column":8},"end":{"line":70,"column":null}},"34":{"start":{"line":70,"column":32},"end":{"line":70,"column":37}},"35":{"start":{"line":73,"column":4},"end":{"line":76,"column":null}},"36":{"start":{"line":80,"column":25},"end":{"line":86,"column":null}},"37":{"start":{"line":81,"column":10},"end":{"line":81,"column":null}},"38":{"start":{"line":82,"column":4},"end":{"line":84,"column":null}},"39":{"start":{"line":83,"column":8},"end":{"line":83,"column":null}},"40":{"start":{"line":85,"column":4},"end":{"line":85,"column":null}}},"fnMap":{"0":{"name":"(anonymous_0)","decl":{"start":{"line":16,"column":71},"end":{"line":16,"column":72}},"loc":{"start":{"line":16,"column":89},"end":{"line":78,"column":null}},"line":16},"1":{"name":"(anonymous_1)","decl":{"start":{"line":17,"column":56},"end":{"line":17,"column":62}},"loc":{"start":{"line":17,"column":62},"end":{"line":29,"column":5}},"line":17},"2":{"name":"(anonymous_2)","decl":{"start":{"line":31,"column":62},"end":{"line":31,"column":68}},"loc":{"start":{"line":31,"column":68},"end":{"line":34,"column":5}},"line":31},"3":{"name":"(anonymous_3)","decl":{"start":{"line":36,"column":62},"end":{"line":36,"column":68}},"loc":{"start":{"line":36,"column":68},"end":{"line":39,"column":5}},"line":36},"4":{"name":"(anonymous_4)","decl":{"start":{"line":41,"column":14},"end":{"line":41,"column":20}},"loc":{"start":{"line":41,"column":20},"end":{"line":43,"column":7}},"line":41},"5":{"name":"(anonymous_5)","decl":{"start":{"line":45,"column":14},"end":{"line":45,"column":20}},"loc":{"start":{"line":45,"column":20},"end":{"line":47,"column":7}},"line":45},"6":{"name":"(anonymous_6)","decl":{"start":{"line":49,"column":14},"end":{"line":49,"column":20}},"loc":{"start":{"line":49,"column":20},"end":{"line":51,"column":7}},"line":49},"7":{"name":"(anonymous_7)","decl":{"start":{"line":53,"column":25},"end":{"line":53,"column":26}},"loc":{"start":{"line":53,"column":40},"end":{"line":63,"column":null}},"line":53},"8":{"name":"(anonymous_8)","decl":{"start":{"line":54,"column":19},"end":{"line":54,"column":27}},"loc":{"start":{"line":54,"column":27},"end":{"line":62,"column":9}},"line":54},"9":{"name":"(anonymous_9)","decl":{"start":{"line":65,"column":31},"end":{"line":65,"column":37}},"loc":{"start":{"line":65,"column":37},"end":{"line":67,"column":null}},"line":65},"10":{"name":"(anonymous_10)","decl":{"start":{"line":66,"column":24},"end":{"line":66,"column":32}},"loc":{"start":{"line":66,"column":32},"end":{"line":66,"column":37}},"line":66},"11":{"name":"(anonymous_11)","decl":{"start":{"line":69,"column":31},"end":{"line":69,"column":37}},"loc":{"start":{"line":69,"column":37},"end":{"line":71,"column":null}},"line":69},"12":{"name":"(anonymous_12)","decl":{"start":{"line":70,"column":24},"end":{"line":70,"column":32}},"loc":{"start":{"line":70,"column":32},"end":{"line":70,"column":37}},"line":70},"13":{"name":"(anonymous_13)","decl":{"start":{"line":80,"column":25},"end":{"line":80,"column":31}},"loc":{"start":{"line":80,"column":31},"end":{"line":86,"column":null}},"line":80}},"branchMap":{"0":{"loc":{"start":{"line":20,"column":8},"end":{"line":27,"column":null}},"type":"if","locations":[{"start":{"line":20,"column":8},"end":{"line":27,"column":null}},{"start":{},"end":{}}],"line":20},"1":{"loc":{"start":{"line":33,"column":15},"end":{"line":33,"column":null}},"type":"cond-expr","locations":[{"start":{"line":33,"column":23},"end":{"line":33,"column":43}},{"start":{"line":33,"column":43},"end":{"line":33,"column":null}}],"line":33},"2":{"loc":{"start":{"line":38,"column":15},"end":{"line":38,"column":null}},"type":"cond-expr","locations":[{"start":{"line":38,"column":23},"end":{"line":38,"column":43}},{"start":{"line":38,"column":43},"end":{"line":38,"column":null}}],"line":38},"3":{"loc":{"start":{"line":56,"column":12},"end":{"line":60,"column":null}},"type":"if","locations":[{"start":{"line":56,"column":12},"end":{"line":60,"column":null}},{"start":{"line":58,"column":19},"end":{"line":60,"column":null}}],"line":56},"4":{"loc":{"start":{"line":82,"column":4},"end":{"line":84,"column":null}},"type":"if","locations":[{"start":{"line":82,"column":4},"end":{"line":84,"column":null}},{"start":{},"end":{}}],"line":82}},"s":{"0":2,"1":2,"2":14,"3":9,"4":9,"5":3,"6":3,"7":3,"8":0,"9":6,"10":14,"11":9,"12":9,"13":14,"14":9,"15":9,"16":14,"17":12,"18":14,"19":10,"20":14,"21":10,"22":14,"23":3,"24":3,"25":3,"26":2,"27":1,"28":3,"29":14,"30":1,"31":1,"32":14,"33":1,"34":1,"35":14,"36":2,"37":14,"38":14,"39":0,"40":14},"f":{"0":14,"1":9,"2":9,"3":9,"4":12,"5":10,"6":10,"7":3,"8":3,"9":1,"10":1,"11":1,"12":1,"13":14},"b":{"0":[3,6],"1":[3,6],"2":[3,6],"3":[2,1],"4":[0,14]},"meta":{"lastBranch":5,"lastFunction":14,"lastStatement":41,"seen":{"s:14:6:14:Infinity":0,"s:16:71:78:Infinity":1,"f:16:71:16:72":0,"s:17:30:29:Infinity":2,"f:17:56:17:62":1,"s:19:22:19:Infinity":3,"b:20:8:27:Infinity:undefined:undefined:undefined:undefined":0,"s:20:8:27:Infinity":4,"s:21:12:26:Infinity":5,"s:22:31:22:Infinity":6,"s:23:16:23:Infinity":7,"s:25:16:25:Infinity":8,"s:28:8:28:Infinity":9,"s:31:40:34:Infinity":10,"f:31:62:31:68":2,"s:32:22:32:Infinity":11,"s:33:8:33:Infinity":12,"b:33:23:33:43:33:43:33:Infinity":1,"s:36:40:39:Infinity":13,"f:36:62:36:68":3,"s:37:22:37:Infinity":14,"s:38:8:38:Infinity":15,"b:38:23:38:43:38:43:38:Infinity":2,"s:41:4:43:Infinity":16,"f:41:14:41:20":4,"s:42:8:42:Infinity":17,"s:45:4:47:Infinity":18,"f:45:14:45:20":5,"s:46:8:46:Infinity":19,"s:49:4:51:Infinity":20,"f:49:14:49:20":6,"s:50:8:50:Infinity":21,"s:53:25:63:Infinity":22,"f:53:25:53:26":7,"s:54:8:62:Infinity":23,"f:54:19:54:27":8,"s:55:25:55:Infinity":24,"b:56:12:60:Infinity:58:19:60:Infinity":3,"s:56:12:60:Infinity":25,"s:57:16:57:Infinity":26,"s:59:16:59:Infinity":27,"s:61:12:61:Infinity":28,"s:65:31:67:Infinity":29,"f:65:31:65:37":9,"s:66:8:66:Infinity":30,"f:66:24:66:32":10,"s:66:32:66:37":31,"s:69:31:71:Infinity":32,"f:69:31:69:37":11,"s:70:8:70:Infinity":33,"f:70:24:70:32":12,"s:70:32:70:37":34,"s:73:4:76:Infinity":35,"s:80:25:86:Infinity":36,"f:80:25:80:31":13,"s:81:10:81:Infinity":37,"b:82:4:84:Infinity:undefined:undefined:undefined:undefined":4,"s:82:4:84:Infinity":38,"s:83:8:83:Infinity":39,"s:85:4:85:Infinity":40}}}
,"/Users/jinhui/development/tools/claude-skill/frontend/src/pages/AboutPage.tsx": {"path":"/Users/jinhui/development/tools/claude-skill/frontend/src/pages/AboutPage.tsx","statementMap":{"0":{"start":{"line":4,"column":28},"end":{"line":44,"column":null}},"1":{"start":{"line":5,"column":4},"end":{"line":42,"column":null}}},"fnMap":{"0":{"name":"(anonymous_0)","decl":{"start":{"line":4,"column":28},"end":{"line":4,"column":34}},"loc":{"start":{"line":4,"column":34},"end":{"line":44,"column":null}},"line":4}},"branchMap":{},"s":{"0":1,"1":6},"f":{"0":6},"b":{},"meta":{"lastBranch":0,"lastFunction":1,"lastStatement":2,"seen":{"s:4:28:44:Infinity":0,"f:4:28:4:34":0,"s:5:4:42:Infinity":1}}}
,"/Users/jinhui/development/tools/claude-skill/frontend/src/pages/SettingsPage.tsx": {"path":"/Users/jinhui/development/tools/claude-skill/frontend/src/pages/SettingsPage.tsx","statementMap":{"0":{"start":{"line":5,"column":31},"end":{"line":114,"column":null}},"1":{"start":{"line":6,"column":102},"end":{"line":6,"column":null}},"2":{"start":{"line":7,"column":10},"end":{"line":7,"column":null}},"3":{"start":{"line":9,"column":25},"end":{"line":29,"column":null}},"4":{"start":{"line":10,"column":25},"end":{"line":10,"column":null}},"5":{"start":{"line":11,"column":8},"end":{"line":27,"column":null}},"6":{"start":{"line":15,"column":31},"end":{"line":15,"column":null}},"7":{"start":{"line":31,"column":4},"end":{"line":112,"column":null}},"8":{"start":{"line":43,"column":43},"end":{"line":43,"column":58}}},"fnMap":{"0":{"name":"(anonymous_0)","decl":{"start":{"line":5,"column":31},"end":{"line":5,"column":37}},"loc":{"start":{"line":5,"column":37},"end":{"line":114,"column":null}},"line":5},"1":{"name":"(anonymous_1)","decl":{"start":{"line":9,"column":25},"end":{"line":9,"column":26}},"loc":{"start":{"line":9,"column":74},"end":{"line":29,"column":null}},"line":9},"2":{"name":"(anonymous_2)","decl":{"start":{"line":15,"column":25},"end":{"line":15,"column":31}},"loc":{"start":{"line":15,"column":31},"end":{"line":15,"column":null}},"line":15},"3":{"name":"(anonymous_3)","decl":{"start":{"line":43,"column":37},"end":{"line":43,"column":43}},"loc":{"start":{"line":43,"column":43},"end":{"line":43,"column":58}},"line":43}},"branchMap":{"0":{"loc":{"start":{"line":14,"column":57},"end":{"line":14,"column":106}},"type":"cond-expr","locations":[{"start":{"line":14,"column":68},"end":{"line":14,"column":91}},{"start":{"line":14,"column":91},"end":{"line":14,"column":106}}],"line":14},"1":{"loc":{"start":{"line":14,"column":115},"end":{"line":14,"column":134}},"type":"cond-expr","locations":[{"start":{"line":14,"column":126},"end":{"line":14,"column":130}},{"start":{"line":14,"column":130},"end":{"line":14,"column":134}}],"line":14},"2":{"loc":{"start":{"line":20,"column":84},"end":{"line":20,"column":125}},"type":"cond-expr","locations":[{"start":{"line":20,"column":95},"end":{"line":20,"column":118}},{"start":{"line":20,"column":118},"end":{"line":20,"column":125}}],"line":20},"3":{"loc":{"start":{"line":21,"column":25},"end":{"line":21,"column":null}},"type":"cond-expr","locations":[{"start":{"line":21,"column":36},"end":{"line":21,"column":48}},{"start":{"line":21,"column":48},"end":{"line":21,"column":null}}],"line":21},"4":{"loc":{"start":{"line":24,"column":78},"end":{"line":24,"column":120}},"type":"cond-expr","locations":[{"start":{"line":24,"column":89},"end":{"line":24,"column":113}},{"start":{"line":24,"column":113},"end":{"line":24,"column":120}}],"line":24},"5":{"loc":{"start":{"line":25,"column":21},"end":{"line":25,"column":null}},"type":"cond-expr","locations":[{"start":{"line":25,"column":32},"end":{"line":25,"column":38}},{"start":{"line":25,"column":38},"end":{"line":25,"column":null}}],"line":25},"6":{"loc":{"start":{"line":77,"column":69},"end":{"line":77,"column":124}},"type":"cond-expr","locations":[{"start":{"line":77,"column":84},"end":{"line":77,"column":109}},{"start":{"line":77,"column":109},"end":{"line":77,"column":124}}],"line":77},"7":{"loc":{"start":{"line":77,"column":133},"end":{"line":77,"column":156}},"type":"cond-expr","locations":[{"start":{"line":77,"column":148},"end":{"line":77,"column":152}},{"start":{"line":77,"column":152},"end":{"line":77,"column":156}}],"line":77},"8":{"loc":{"start":{"line":83,"column":96},"end":{"line":83,"column":143}},"type":"cond-expr","locations":[{"start":{"line":83,"column":111},"end":{"line":83,"column":136}},{"start":{"line":83,"column":136},"end":{"line":83,"column":143}}],"line":83},"9":{"loc":{"start":{"line":84,"column":37},"end":{"line":84,"column":null}},"type":"cond-expr","locations":[{"start":{"line":84,"column":52},"end":{"line":84,"column":64}},{"start":{"line":84,"column":64},"end":{"line":84,"column":null}}],"line":84},"10":{"loc":{"start":{"line":87,"column":90},"end":{"line":87,"column":136}},"type":"cond-expr","locations":[{"start":{"line":87,"column":105},"end":{"line":87,"column":129}},{"start":{"line":87,"column":129},"end":{"line":87,"column":136}}],"line":87},"11":{"loc":{"start":{"line":88,"column":33},"end":{"line":88,"column":null}},"type":"cond-expr","locations":[{"start":{"line":88,"column":48},"end":{"line":88,"column":54}},{"start":{"line":88,"column":54},"end":{"line":88,"column":null}}],"line":88},"12":{"loc":{"start":{"line":95,"column":69},"end":{"line":95,"column":124}},"type":"cond-expr","locations":[{"start":{"line":95,"column":84},"end":{"line":95,"column":109}},{"start":{"line":95,"column":109},"end":{"line":95,"column":124}}],"line":95},"13":{"loc":{"start":{"line":95,"column":133},"end":{"line":95,"column":156}},"type":"cond-expr","locations":[{"start":{"line":95,"column":148},"end":{"line":95,"column":152}},{"start":{"line":95,"column":152},"end":{"line":95,"column":156}}],"line":95},"14":{"loc":{"start":{"line":101,"column":96},"end":{"line":101,"column":143}},"type":"cond-expr","locations":[{"start":{"line":101,"column":111},"end":{"line":101,"column":136}},{"start":{"line":101,"column":136},"end":{"line":101,"column":143}}],"line":101},"15":{"loc":{"start":{"line":102,"column":37},"end":{"line":102,"column":null}},"type":"cond-expr","locations":[{"start":{"line":102,"column":52},"end":{"line":102,"column":64}},{"start":{"line":102,"column":64},"end":{"line":102,"column":null}}],"line":102},"16":{"loc":{"start":{"line":105,"column":90},"end":{"line":105,"column":136}},"type":"cond-expr","locations":[{"start":{"line":105,"column":105},"end":{"line":105,"column":129}},{"start":{"line":105,"column":129},"end":{"line":105,"column":136}}],"line":105},"17":{"loc":{"start":{"line":106,"column":33},"end":{"line":106,"column":null}},"type":"cond-expr","locations":[{"start":{"line":106,"column":48},"end":{"line":106,"column":54}},{"start":{"line":106,"column":54},"end":{"line":106,"column":null}}],"line":106}},"s":{"0":1,"1":4,"2":4,"3":4,"4":16,"5":16,"6":0,"7":4,"8":0},"f":{"0":4,"1":16,"2":0,"3":0},"b":{"0":[16,0],"1":[16,0],"2":[16,0],"3":[16,0],"4":[16,0],"5":[16,0],"6":[0,4],"7":[0,4],"8":[0,4],"9":[0,4],"10":[0,4],"11":[0,4],"12":[4,0],"13":[4,0],"14":[4,0],"15":[4,0],"16":[4,0],"17":[4,0]},"meta":{"lastBranch":18,"lastFunction":4,"lastStatement":9,"seen":{"s:5:31:114:Infinity":0,"f:5:31:5:37":0,"s:6:102:6:Infinity":1,"s:7:10:7:Infinity":2,"s:9:25:29:Infinity":3,"f:9:25:9:26":1,"s:10:25:10:Infinity":4,"s:11:8:27:Infinity":5,"b:14:68:14:91:14:91:14:106":0,"b:14:126:14:130:14:130:14:134":1,"f:15:25:15:31":2,"s:15:31:15:Infinity":6,"b:20:95:20:118:20:118:20:125":2,"b:21:36:21:48:21:48:21:Infinity":3,"b:24:89:24:113:24:113:24:120":4,"b:25:32:25:38:25:38:25:Infinity":5,"s:31:4:112:Infinity":7,"f:43:37:43:43":3,"s:43:43:43:58":8,"b:77:84:77:109:77:109:77:124":6,"b:77:148:77:152:77:152:77:156":7,"b:83:111:83:136:83:136:83:143":8,"b:84:52:84:64:84:64:84:Infinity":9,"b:87:105:87:129:87:129:87:136":10,"b:88:48:88:54:88:54:88:Infinity":11,"b:95:84:95:109:95:109:95:124":12,"b:95:148:95:152:95:152:95:156":13,"b:101:111:101:136:101:136:101:143":14,"b:102:52:102:64:102:64:102:Infinity":15,"b:105:105:105:129:105:129:105:136":16,"b:106:48:106:54:106:54:106:Infinity":17}}}
,"/Users/jinhui/development/tools/claude-skill/frontend/src/pages/StatsPage.tsx": {"path":"/Users/jinhui/development/tools/claude-skill/frontend/src/pages/StatsPage.tsx","statementMap":{"0":{"start":{"line":11,"column":28},"end":{"line":107,"column":null}},"1":{"start":{"line":12,"column":10},"end":{"line":12,"column":null}},"2":{"start":{"line":13,"column":34},"end":{"line":13,"column":null}},"3":{"start":{"line":14,"column":30},"end":{"line":14,"column":null}},"4":{"start":{"line":16,"column":4},"end":{"line":26,"column":null}},"5":{"start":{"line":17,"column":8},"end":{"line":25,"column":null}},"6":{"start":{"line":19,"column":16},"end":{"line":19,"column":null}},"7":{"start":{"line":20,"column":16},"end":{"line":20,"column":null}},"8":{"start":{"line":23,"column":16},"end":{"line":23,"column":null}},"9":{"start":{"line":24,"column":16},"end":{"line":24,"column":null}},"10":{"start":{"line":28,"column":32},"end":{"line":31,"column":null}},"11":{"start":{"line":30,"column":8},"end":{"line":30,"column":null}},"12":{"start":{"line":33,"column":4},"end":{"line":105,"column":null}},"13":{"start":{"line":57,"column":24},"end":{"line":97,"column":null}},"14":{"start":{"line":91,"column":47},"end":{"line":91,"column":null}}},"fnMap":{"0":{"name":"(anonymous_0)","decl":{"start":{"line":11,"column":28},"end":{"line":11,"column":34}},"loc":{"start":{"line":11,"column":34},"end":{"line":107,"column":null}},"line":11},"1":{"name":"(anonymous_1)","decl":{"start":{"line":16,"column":14},"end":{"line":16,"column":20}},"loc":{"start":{"line":16,"column":20},"end":{"line":26,"column":7}},"line":16},"2":{"name":"(anonymous_2)","decl":{"start":{"line":18,"column":18},"end":{"line":18,"column":25}},"loc":{"start":{"line":18,"column":25},"end":{"line":21,"column":13}},"line":18},"3":{"name":"(anonymous_3)","decl":{"start":{"line":22,"column":19},"end":{"line":22,"column":26}},"loc":{"start":{"line":22,"column":26},"end":{"line":25,"column":13}},"line":22},"4":{"name":"(anonymous_4)","decl":{"start":{"line":28,"column":32},"end":{"line":28,"column":33}},"loc":{"start":{"line":28,"column":53},"end":{"line":31,"column":null}},"line":28},"5":{"name":"(anonymous_5)","decl":{"start":{"line":56,"column":35},"end":{"line":56,"column":36}},"loc":{"start":{"line":57,"column":24},"end":{"line":97,"column":null}},"line":57},"6":{"name":"(anonymous_6)","decl":{"start":{"line":91,"column":41},"end":{"line":91,"column":47}},"loc":{"start":{"line":91,"column":47},"end":{"line":91,"column":null}},"line":91}},"branchMap":{"0":{"loc":{"start":{"line":46,"column":13},"end":{"line":99,"column":null}},"type":"cond-expr","locations":[{"start":{"line":47,"column":16},"end":{"line":49,"column":null}},{"start":{"line":50,"column":16},"end":{"line":99,"column":null}}],"line":46},"1":{"loc":{"start":{"line":50,"column":16},"end":{"line":99,"column":null}},"type":"cond-expr","locations":[{"start":{"line":51,"column":16},"end":{"line":53,"column":null}},{"start":{"line":55,"column":16},"end":{"line":99,"column":null}}],"line":50},"2":{"loc":{"start":{"line":73,"column":48},"end":{"line":73,"column":null}},"type":"cond-expr","locations":[{"start":{"line":73,"column":60},"end":{"line":73,"column":83}},{"start":{"line":73,"column":83},"end":{"line":73,"column":null}}],"line":73},"3":{"loc":{"start":{"line":74,"column":43},"end":{"line":74,"column":null}},"type":"cond-expr","locations":[{"start":{"line":74,"column":55},"end":{"line":74,"column":64}},{"start":{"line":74,"column":64},"end":{"line":74,"column":null}}],"line":74}},"s":{"0":1,"1":13,"2":13,"3":13,"4":13,"5":8,"6":7,"7":7,"8":0,"9":0,"10":13,"11":0,"12":13,"13":6,"14":0},"f":{"0":13,"1":8,"2":7,"3":0,"4":0,"5":6,"6":0},"b":{"0":[8,5],"1":[2,3],"2":[6,0],"3":[6,0]},"meta":{"lastBranch":4,"lastFunction":7,"lastStatement":15,"seen":{"s:11:28:107:Infinity":0,"f:11:28:11:34":0,"s:12:10:12:Infinity":1,"s:13:34:13:Infinity":2,"s:14:30:14:Infinity":3,"s:16:4:26:Infinity":4,"f:16:14:16:20":1,"s:17:8:25:Infinity":5,"f:18:18:18:25":2,"s:19:16:19:Infinity":6,"s:20:16:20:Infinity":7,"f:22:19:22:26":3,"s:23:16:23:Infinity":8,"s:24:16:24:Infinity":9,"s:28:32:31:Infinity":10,"f:28:32:28:33":4,"s:30:8:30:Infinity":11,"s:33:4:105:Infinity":12,"b:47:16:49:Infinity:50:16:99:Infinity":0,"b:51:16:53:Infinity:55:16:99:Infinity":1,"f:56:35:56:36":5,"s:57:24:97:Infinity":13,"b:73:60:73:83:73:83:73:Infinity":2,"b:74:55:74:64:74:64:74:Infinity":3,"f:91:41:91:47":6,"s:91:47:91:Infinity":14}}}
,"/Users/jinhui/development/tools/claude-skill/frontend/src/pages/TrainingMonitor.tsx": {"path":"/Users/jinhui/development/tools/claude-skill/frontend/src/pages/TrainingMonitor.tsx","statementMap":{"0":{"start":{"line":69,"column":61},"end":{"line":73,"column":null}},"1":{"start":{"line":86,"column":46},"end":{"line":90,"column":null}},"2":{"start":{"line":92,"column":34},"end":{"line":553,"column":null}},"3":{"start":{"line":93,"column":32},"end":{"line":93,"column":null}},"4":{"start":{"line":94,"column":34},"end":{"line":94,"column":null}},"5":{"start":{"line":95,"column":30},"end":{"line":95,"column":null}},"6":{"start":{"line":96,"column":26},"end":{"line":96,"column":null}},"7":{"start":{"line":97,"column":10},"end":{"line":97,"column":null}},"8":{"start":{"line":100,"column":40},"end":{"line":100,"column":null}},"9":{"start":{"line":101,"column":24},"end":{"line":101,"column":null}},"10":{"start":{"line":102,"column":36},"end":{"line":102,"column":null}},"11":{"start":{"line":104,"column":22},"end":{"line":117,"column":null}},"12":{"start":{"line":105,"column":8},"end":{"line":116,"column":null}},"13":{"start":{"line":106,"column":29},"end":{"line":106,"column":null}},"14":{"start":{"line":107,"column":12},"end":{"line":107,"column":null}},"15":{"start":{"line":107,"column":30},"end":{"line":107,"column":null}},"16":{"start":{"line":108,"column":25},"end":{"line":108,"column":null}},"17":{"start":{"line":109,"column":12},"end":{"line":109,"column":null}},"18":{"start":{"line":110,"column":12},"end":{"line":110,"column":null}},"19":{"start":{"line":112,"column":12},"end":{"line":112,"column":null}},"20":{"start":{"line":113,"column":12},"end":{"line":113,"column":null}},"21":{"start":{"line":115,"column":12},"end":{"line":115,"column":null}},"22":{"start":{"line":120,"column":22},"end":{"line":135,"column":null}},"23":{"start":{"line":121,"column":8},"end":{"line":121,"column":null}},"24":{"start":{"line":122,"column":8},"end":{"line":134,"column":null}},"25":{"start":{"line":123,"column":29},"end":{"line":123,"column":null}},"26":{"start":{"line":124,"column":12},"end":{"line":124,"column":null}},"27":{"start":{"line":124,"column":30},"end":{"line":124,"column":null}},"28":{"start":{"line":125,"column":25},"end":{"line":125,"column":null}},"29":{"start":{"line":126,"column":12},"end":{"line":126,"column":null}},"30":{"start":{"line":127,"column":12},"end":{"line":127,"column":null}},"31":{"start":{"line":129,"column":12},"end":{"line":129,"column":null}},"32":{"start":{"line":130,"column":12},"end":{"line":130,"column":null}},"33":{"start":{"line":131,"column":12},"end":{"line":131,"column":null}},"34":{"start":{"line":133,"column":12},"end":{"line":133,"column":null}},"35":{"start":{"line":138,"column":27},"end":{"line":141,"column":null}},"36":{"start":{"line":139,"column":24},"end":{"line":139,"column":null}},"37":{"start":{"line":140,"column":8},"end":{"line":140,"column":null}},"38":{"start":{"line":143,"column":4},"end":{"line":147,"column":null}},"39":{"start":{"line":144,"column":8},"end":{"line":144,"column":null}},"40":{"start":{"line":145,"column":25},"end":{"line":145,"column":null}},"41":{"start":{"line":146,"column":8},"end":{"line":146,"column":null}},"42":{"start":{"line":146,"column":21},"end":{"line":146,"column":null}},"43":{"start":{"line":149,"column":4},"end":{"line":158,"column":null}},"44":{"start":{"line":150,"column":8},"end":{"line":156,"column":null}},"45":{"start":{"line":160,"column":4},"end":{"line":169,"column":null}},"46":{"start":{"line":161,"column":8},"end":{"line":167,"column":null}},"47":{"start":{"line":171,"column":41},"end":{"line":171,"column":null}},"48":{"start":{"line":174,"column":30},"end":{"line":258,"column":null}},"49":{"start":{"line":175,"column":28},"end":{"line":175,"column":null}},"50":{"start":{"line":177,"column":8},"end":{"line":256,"column":null}},"51":{"start":{"line":236,"column":32},"end":{"line":251,"column":null}},"52":{"start":{"line":261,"column":30},"end":{"line":351,"column":null}},"53":{"start":{"line":262,"column":8},"end":{"line":351,"column":null}},"54":{"start":{"line":269,"column":20},"end":{"line":288,"column":null}},"55":{"start":{"line":333,"column":28},"end":{"line":346,"column":null}},"56":{"start":{"line":355,"column":25},"end":{"line":395,"column":null}},"57":{"start":{"line":356,"column":8},"end":{"line":395,"column":null}},"58":{"start":{"line":398,"column":4},"end":{"line":551,"column":null}},"59":{"start":{"line":410,"column":43},"end":{"line":410,"column":58}},"60":{"start":{"line":430,"column":24},"end":{"line":437,"column":null}},"61":{"start":{"line":432,"column":43},"end":{"line":432,"column":null}},"62":{"start":{"line":464,"column":38},"end":{"line":464,"column":96}},"63":{"start":{"line":464,"column":72},"end":{"line":464,"column":96}},"64":{"start":{"line":500,"column":47},"end":{"line":500,"column":null}},"65":{"start":{"line":528,"column":36},"end":{"line":537,"column":null}}},"fnMap":{"0":{"name":"(anonymous_0)","decl":{"start":{"line":92,"column":34},"end":{"line":92,"column":40}},"loc":{"start":{"line":92,"column":40},"end":{"line":553,"column":null}},"line":92},"1":{"name":"(anonymous_1)","decl":{"start":{"line":104,"column":22},"end":{"line":104,"column":34}},"loc":{"start":{"line":104,"column":34},"end":{"line":117,"column":null}},"line":104},"2":{"name":"(anonymous_2)","decl":{"start":{"line":120,"column":22},"end":{"line":120,"column":29}},"loc":{"start":{"line":120,"column":49},"end":{"line":135,"column":null}},"line":120},"3":{"name":"(anonymous_3)","decl":{"start":{"line":138,"column":27},"end":{"line":138,"column":33}},"loc":{"start":{"line":138,"column":33},"end":{"line":141,"column":null}},"line":138},"4":{"name":"(anonymous_4)","decl":{"start":{"line":143,"column":14},"end":{"line":143,"column":20}},"loc":{"start":{"line":143,"column":20},"end":{"line":147,"column":7}},"line":143},"5":{"name":"(anonymous_5)","decl":{"start":{"line":146,"column":15},"end":{"line":146,"column":21}},"loc":{"start":{"line":146,"column":21},"end":{"line":146,"column":null}},"line":146},"6":{"name":"(anonymous_6)","decl":{"start":{"line":174,"column":30},"end":{"line":174,"column":36}},"loc":{"start":{"line":174,"column":36},"end":{"line":258,"column":null}},"line":174},"7":{"name":"(anonymous_7)","decl":{"start":{"line":235,"column":55},"end":{"line":235,"column":56}},"loc":{"start":{"line":236,"column":32},"end":{"line":251,"column":null}},"line":236},"8":{"name":"(anonymous_8)","decl":{"start":{"line":261,"column":30},"end":{"line":261,"column":null}},"loc":{"start":{"line":262,"column":8},"end":{"line":351,"column":null}},"line":262},"9":{"name":"(anonymous_9)","decl":{"start":{"line":268,"column":37},"end":{"line":268,"column":38}},"loc":{"start":{"line":269,"column":20},"end":{"line":288,"column":null}},"line":269},"10":{"name":"(anonymous_10)","decl":{"start":{"line":332,"column":64},"end":{"line":332,"column":65}},"loc":{"start":{"line":333,"column":28},"end":{"line":346,"column":null}},"line":333},"11":{"name":"(anonymous_11)","decl":{"start":{"line":355,"column":25},"end":{"line":355,"column":null}},"loc":{"start":{"line":356,"column":8},"end":{"line":395,"column":null}},"line":356},"12":{"name":"(anonymous_12)","decl":{"start":{"line":410,"column":37},"end":{"line":410,"column":43}},"loc":{"start":{"line":410,"column":43},"end":{"line":410,"column":58}},"line":410},"13":{"name":"(anonymous_13)","decl":{"start":{"line":429,"column":30},"end":{"line":429,"column":null}},"loc":{"start":{"line":430,"column":24},"end":{"line":437,"column":null}},"line":430},"14":{"name":"(anonymous_14)","decl":{"start":{"line":432,"column":37},"end":{"line":432,"column":43}},"loc":{"start":{"line":432,"column":43},"end":{"line":432,"column":null}},"line":432},"15":{"name":"(anonymous_15)","decl":{"start":{"line":464,"column":29},"end":{"line":464,"column":30}},"loc":{"start":{"line":464,"column":36},"end":{"line":464,"column":null}},"line":464},"16":{"name":"(anonymous_16)","decl":{"start":{"line":500,"column":41},"end":{"line":500,"column":47}},"loc":{"start":{"line":500,"column":47},"end":{"line":500,"column":null}},"line":500},"17":{"name":"(anonymous_17)","decl":{"start":{"line":527,"column":47},"end":{"line":527,"column":48}},"loc":{"start":{"line":528,"column":36},"end":{"line":537,"column":null}},"line":528}},"branchMap":{"0":{"loc":{"start":{"line":107,"column":12},"end":{"line":107,"column":null}},"type":"if","locations":[{"start":{"line":107,"column":12},"end":{"line":107,"column":null}},{"start":{},"end":{}}],"line":107},"1":{"loc":{"start":{"line":113,"column":21},"end":{"line":113,"column":73}},"type":"cond-expr","locations":[{"start":{"line":113,"column":44},"end":{"line":113,"column":58}},{"start":{"line":113,"column":58},"end":{"line":113,"column":73}}],"line":113},"2":{"loc":{"start":{"line":124,"column":12},"end":{"line":124,"column":null}},"type":"if","locations":[{"start":{"line":124,"column":12},"end":{"line":124,"column":null}},{"start":{},"end":{}}],"line":124},"3":{"loc":{"start":{"line":149,"column":4},"end":{"line":158,"column":null}},"type":"if","locations":[{"start":{"line":149,"column":4},"end":{"line":158,"column":null}},{"start":{},"end":{}}],"line":149},"4":{"loc":{"start":{"line":149,"column":8},"end":{"line":149,"column":30}},"type":"binary-expr","locations":[{"start":{"line":149,"column":8},"end":{"line":149,"column":19}},{"start":{"line":149,"column":19},"end":{"line":149,"column":30}}],"line":149},"5":{"loc":{"start":{"line":160,"column":4},"end":{"line":169,"column":null}},"type":"if","locations":[{"start":{"line":160,"column":4},"end":{"line":169,"column":null}},{"start":{},"end":{}}],"line":160},"6":{"loc":{"start":{"line":160,"column":8},"end":{"line":160,"column":28}},"type":"binary-expr","locations":[{"start":{"line":160,"column":8},"end":{"line":160,"column":17}},{"start":{"line":160,"column":17},"end":{"line":160,"column":28}}],"line":160},"7":{"loc":{"start":{"line":200,"column":33},"end":{"line":200,"column":null}},"type":"binary-expr","locations":[{"start":{"line":200,"column":33},"end":{"line":200,"column":57}},{"start":{"line":200,"column":57},"end":{"line":200,"column":null}}],"line":200},"8":{"loc":{"start":{"line":238,"column":41},"end":{"line":238,"column":null}},"type":"cond-expr","locations":[{"start":{"line":238,"column":69},"end":{"line":238,"column":75}},{"start":{"line":238,"column":75},"end":{"line":238,"column":null}}],"line":238},"9":{"loc":{"start":{"line":238,"column":75},"end":{"line":238,"column":null}},"type":"cond-expr","locations":[{"start":{"line":238,"column":101},"end":{"line":238,"column":107}},{"start":{"line":238,"column":107},"end":{"line":238,"column":null}}],"line":238},"10":{"loc":{"start":{"line":242,"column":62},"end":{"line":242,"column":151}},"type":"cond-expr","locations":[{"start":{"line":242,"column":103},"end":{"line":242,"column":127}},{"start":{"line":242,"column":127},"end":{"line":242,"column":151}}],"line":242},"11":{"loc":{"start":{"line":247,"column":62},"end":{"line":247,"column":139}},"type":"cond-expr","locations":[{"start":{"line":247,"column":91},"end":{"line":247,"column":115}},{"start":{"line":247,"column":115},"end":{"line":247,"column":139}}],"line":247},"12":{"loc":{"start":{"line":274,"column":44},"end":{"line":275,"column":null}},"type":"cond-expr","locations":[{"start":{"line":274,"column":75},"end":{"line":274,"column":null}},{"start":{"line":275,"column":36},"end":{"line":275,"column":null}}],"line":274},"13":{"loc":{"start":{"line":275,"column":36},"end":{"line":275,"column":null}},"type":"cond-expr","locations":[{"start":{"line":275,"column":65},"end":{"line":275,"column":90}},{"start":{"line":275,"column":90},"end":{"line":275,"column":null}}],"line":275},"14":{"loc":{"start":{"line":276,"column":39},"end":{"line":276,"column":null}},"type":"cond-expr","locations":[{"start":{"line":276,"column":68},"end":{"line":276,"column":94}},{"start":{"line":276,"column":94},"end":{"line":276,"column":null}}],"line":276},"15":{"loc":{"start":{"line":278,"column":33},"end":{"line":278,"column":null}},"type":"cond-expr","locations":[{"start":{"line":278,"column":64},"end":{"line":278,"column":70}},{"start":{"line":278,"column":70},"end":{"line":278,"column":null}}],"line":278},"16":{"loc":{"start":{"line":278,"column":70},"end":{"line":278,"column":null}},"type":"cond-expr","locations":[{"start":{"line":278,"column":99},"end":{"line":278,"column":105}},{"start":{"line":278,"column":105},"end":{"line":278,"column":null}}],"line":278},"17":{"loc":{"start":{"line":282,"column":25},"end":{"line":286,"column":null}},"type":"binary-expr","locations":[{"start":{"line":282,"column":25},"end":{"line":282,"column":null}},{"start":{"line":283,"column":28},"end":{"line":286,"column":null}}],"line":282},"18":{"loc":{"start":{"line":285,"column":44},"end":{"line":285,"column":null}},"type":"cond-expr","locations":[{"start":{"line":285,"column":75},"end":{"line":285,"column":99}},{"start":{"line":285,"column":99},"end":{"line":285,"column":null}}],"line":285},"19":{"loc":{"start":{"line":298,"column":86},"end":{"line":298,"column":115}},"type":"binary-expr","locations":[{"start":{"line":298,"column":86},"end":{"line":298,"column":110}},{"start":{"line":298,"column":110},"end":{"line":298,"column":115}}],"line":298},"20":{"loc":{"start":{"line":334,"column":67},"end":{"line":334,"column":91}},"type":"cond-expr","locations":[{"start":{"line":334,"column":81},"end":{"line":334,"column":87}},{"start":{"line":334,"column":87},"end":{"line":334,"column":91}}],"line":334},"21":{"loc":{"start":{"line":359,"column":67},"end":{"line":359,"column":124}},"type":"cond-expr","locations":[{"start":{"line":359,"column":86},"end":{"line":359,"column":110}},{"start":{"line":359,"column":110},"end":{"line":359,"column":124}}],"line":359},"22":{"loc":{"start":{"line":360,"column":79},"end":{"line":360,"column":108}},"type":"cond-expr","locations":[{"start":{"line":360,"column":98},"end":{"line":360,"column":104}},{"start":{"line":360,"column":104},"end":{"line":360,"column":108}}],"line":360},"23":{"loc":{"start":{"line":363,"column":70},"end":{"line":363,"column":136}},"type":"cond-expr","locations":[{"start":{"line":363,"column":89},"end":{"line":363,"column":113}},{"start":{"line":363,"column":113},"end":{"line":363,"column":136}}],"line":363},"24":{"loc":{"start":{"line":364,"column":29},"end":{"line":364,"column":null}},"type":"cond-expr","locations":[{"start":{"line":364,"column":48},"end":{"line":364,"column":56}},{"start":{"line":364,"column":56},"end":{"line":364,"column":null}}],"line":364},"25":{"loc":{"start":{"line":368,"column":67},"end":{"line":368,"column":129}},"type":"cond-expr","locations":[{"start":{"line":368,"column":91},"end":{"line":368,"column":115}},{"start":{"line":368,"column":115},"end":{"line":368,"column":129}}],"line":368},"26":{"loc":{"start":{"line":369,"column":79},"end":{"line":369,"column":113}},"type":"cond-expr","locations":[{"start":{"line":369,"column":103},"end":{"line":369,"column":109}},{"start":{"line":369,"column":109},"end":{"line":369,"column":113}}],"line":369},"27":{"loc":{"start":{"line":372,"column":70},"end":{"line":372,"column":141}},"type":"cond-expr","locations":[{"start":{"line":372,"column":94},"end":{"line":372,"column":118}},{"start":{"line":372,"column":118},"end":{"line":372,"column":141}}],"line":372},"28":{"loc":{"start":{"line":373,"column":29},"end":{"line":373,"column":null}},"type":"cond-expr","locations":[{"start":{"line":373,"column":53},"end":{"line":373,"column":61}},{"start":{"line":373,"column":61},"end":{"line":373,"column":null}}],"line":373},"29":{"loc":{"start":{"line":383,"column":82},"end":{"line":383,"column":110}},"type":"binary-expr","locations":[{"start":{"line":383,"column":82},"end":{"line":383,"column":103}},{"start":{"line":383,"column":103},"end":{"line":383,"column":110}}],"line":383},"30":{"loc":{"start":{"line":390,"column":86},"end":{"line":390,"column":156}},"type":"cond-expr","locations":[{"start":{"line":390,"column":109},"end":{"line":390,"column":133}},{"start":{"line":390,"column":133},"end":{"line":390,"column":156}}],"line":390},"31":{"loc":{"start":{"line":391,"column":25},"end":{"line":391,"column":null}},"type":"cond-expr","locations":[{"start":{"line":391,"column":48},"end":{"line":391,"column":60}},{"start":{"line":391,"column":60},"end":{"line":391,"column":null}}],"line":391},"32":{"loc":{"start":{"line":420,"column":25},"end":{"line":420,"column":null}},"type":"cond-expr","locations":[{"start":{"line":420,"column":38},"end":{"line":420,"column":49}},{"start":{"line":420,"column":49},"end":{"line":420,"column":null}}],"line":420},"33":{"loc":{"start":{"line":433,"column":50},"end":{"line":433,"column":86}},"type":"cond-expr","locations":[{"start":{"line":433,"column":73},"end":{"line":433,"column":84}},{"start":{"line":433,"column":84},"end":{"line":433,"column":86}}],"line":433},"34":{"loc":{"start":{"line":449,"column":21},"end":{"line":449,"column":null}},"type":"binary-expr","locations":[{"start":{"line":449,"column":21},"end":{"line":449,"column":49}},{"start":{"line":449,"column":49},"end":{"line":449,"column":null}}],"line":449},"35":{"loc":{"start":{"line":450,"column":21},"end":{"line":450,"column":null}},"type":"binary-expr","locations":[{"start":{"line":450,"column":21},"end":{"line":450,"column":49}},{"start":{"line":450,"column":49},"end":{"line":450,"column":null}}],"line":450},"36":{"loc":{"start":{"line":451,"column":21},"end":{"line":451,"column":null}},"type":"binary-expr","locations":[{"start":{"line":451,"column":21},"end":{"line":451,"column":44}},{"start":{"line":451,"column":44},"end":{"line":451,"column":null}}],"line":451},"37":{"loc":{"start":{"line":461,"column":13},"end":{"line":549,"column":null}},"type":"binary-expr","locations":[{"start":{"line":461,"column":13},"end":{"line":461,"column":29}},{"start":{"line":461,"column":29},"end":{"line":461,"column":null}},{"start":{"line":462,"column":16},"end":{"line":549,"column":null}}],"line":461},"38":{"loc":{"start":{"line":464,"column":38},"end":{"line":464,"column":96}},"type":"if","locations":[{"start":{"line":464,"column":38},"end":{"line":464,"column":96}},{"start":{},"end":{}}],"line":464},"39":{"loc":{"start":{"line":494,"column":36},"end":{"line":494,"column":null}},"type":"cond-expr","locations":[{"start":{"line":494,"column":63},"end":{"line":494,"column":72}},{"start":{"line":494,"column":72},"end":{"line":494,"column":null}}],"line":494},"40":{"loc":{"start":{"line":494,"column":72},"end":{"line":494,"column":null}},"type":"cond-expr","locations":[{"start":{"line":494,"column":99},"end":{"line":494,"column":108}},{"start":{"line":494,"column":108},"end":{"line":494,"column":null}}],"line":494},"41":{"loc":{"start":{"line":526,"column":29},"end":{"line":540,"column":null}},"type":"cond-expr","locations":[{"start":{"line":527,"column":32},"end":{"line":538,"column":null}},{"start":{"line":540,"column":32},"end":{"line":540,"column":null}}],"line":526},"42":{"loc":{"start":{"line":531,"column":47},"end":{"line":534,"column":null}},"type":"cond-expr","locations":[{"start":{"line":531,"column":72},"end":{"line":531,"column":null}},{"start":{"line":532,"column":44},"end":{"line":534,"column":null}}],"line":531},"43":{"loc":{"start":{"line":532,"column":44},"end":{"line":534,"column":null}},"type":"cond-expr","locations":[{"start":{"line":532,"column":71},"end":{"line":532,"column":null}},{"start":{"line":533,"column":48},"end":{"line":534,"column":null}}],"line":532},"44":{"loc":{"start":{"line":533,"column":48},"end":{"line":534,"column":null}},"type":"cond-expr","locations":[{"start":{"line":533,"column":97},"end":{"line":533,"column":null}},{"start":{"line":534,"column":52},"end":{"line":534,"column":null}}],"line":533},"45":{"loc":{"start":{"line":533,"column":48},"end":{"line":533,"column":97}},"type":"binary-expr","locations":[{"start":{"line":533,"column":48},"end":{"line":533,"column":76}},{"start":{"line":533,"column":76},"end":{"line":533,"column":97}}],"line":533}},"s":{"0":1,"1":1,"2":1,"3":17,"4":17,"5":17,"6":17,"7":17,"8":17,"9":17,"10":17,"11":17,"12":9,"13":9,"14":7,"15":7,"16":7,"17":7,"18":7,"19":1,"20":1,"21":8,"22":17,"23":0,"24":0,"25":0,"26":0,"27":0,"28":0,"29":0,"30":0,"31":0,"32":0,"33":0,"34":0,"35":17,"36":0,"37":0,"38":17,"39":9,"40":9,"41":9,"42":9,"43":17,"44":9,"45":8,"46":1,"47":7,"48":7,"49":7,"50":7,"51":14,"52":7,"53":0,"54":0,"55":0,"56":7,"57":0,"58":7,"59":0,"60":21,"61":0,"62":0,"63":0,"64":0,"65":0},"f":{"0":17,"1":9,"2":0,"3":0,"4":9,"5":9,"6":7,"7":14,"8":0,"9":0,"10":0,"11":0,"12":0,"13":21,"14":0,"15":0,"16":0,"17":0},"b":{"0":[0,7],"1":[1,0],"2":[0,0],"3":[9,8],"4":[17,9],"5":[1,7],"6":[8,1],"7":[7,0],"8":[14,0],"9":[0,0],"10":[14,0],"11":[14,0],"12":[0,0],"13":[0,0],"14":[0,0],"15":[0,0],"16":[0,0],"17":[0,0],"18":[0,0],"19":[0,0],"20":[0,0],"21":[0,0],"22":[0,0],"23":[0,0],"24":[0,0],"25":[0,0],"26":[0,0],"27":[0,0],"28":[0,0],"29":[0,0],"30":[0,0],"31":[0,0],"32":[0,7],"33":[7,14],"34":[17,7],"35":[17,0],"36":[17,0],"37":[17,0,0],"38":[0,0],"39":[0,0],"40":[0,0],"41":[0,0],"42":[0,0],"43":[0,0],"44":[0,0],"45":[0,0]},"meta":{"lastBranch":46,"lastFunction":18,"lastStatement":66,"seen":{"s:69:61:73:Infinity":0,"s:86:46:90:Infinity":1,"s:92:34:553:Infinity":2,"f:92:34:92:40":0,"s:93:32:93:Infinity":3,"s:94:34:94:Infinity":4,"s:95:30:95:Infinity":5,"s:96:26:96:Infinity":6,"s:97:10:97:Infinity":7,"s:100:40:100:Infinity":8,"s:101:24:101:Infinity":9,"s:102:36:102:Infinity":10,"s:104:22:117:Infinity":11,"f:104:22:104:34":1,"s:105:8:116:Infinity":12,"s:106:29:106:Infinity":13,"b:107:12:107:Infinity:undefined:undefined:undefined:undefined":0,"s:107:12:107:Infinity":14,"s:107:30:107:Infinity":15,"s:108:25:108:Infinity":16,"s:109:12:109:Infinity":17,"s:110:12:110:Infinity":18,"s:112:12:112:Infinity":19,"s:113:12:113:Infinity":20,"b:113:44:113:58:113:58:113:73":1,"s:115:12:115:Infinity":21,"s:120:22:135:Infinity":22,"f:120:22:120:29":2,"s:121:8:121:Infinity":23,"s:122:8:134:Infinity":24,"s:123:29:123:Infinity":25,"b:124:12:124:Infinity:undefined:undefined:undefined:undefined":2,"s:124:12:124:Infinity":26,"s:124:30:124:Infinity":27,"s:125:25:125:Infinity":28,"s:126:12:126:Infinity":29,"s:127:12:127:Infinity":30,"s:129:12:129:Infinity":31,"s:130:12:130:Infinity":32,"s:131:12:131:Infinity":33,"s:133:12:133:Infinity":34,"s:138:27:141:Infinity":35,"f:138:27:138:33":3,"s:139:24:139:Infinity":36,"s:140:8:140:Infinity":37,"s:143:4:147:Infinity":38,"f:143:14:143:20":4,"s:144:8:144:Infinity":39,"s:145:25:145:Infinity":40,"s:146:8:146:Infinity":41,"f:146:15:146:21":5,"s:146:21:146:Infinity":42,"b:149:4:158:Infinity:undefined:undefined:undefined:undefined":3,"s:149:4:158:Infinity":43,"b:149:8:149:19:149:19:149:30":4,"s:150:8:156:Infinity":44,"b:160:4:169:Infinity:undefined:undefined:undefined:undefined":5,"s:160:4:169:Infinity":45,"b:160:8:160:17:160:17:160:28":6,"s:161:8:167:Infinity":46,"s:171:41:171:Infinity":47,"s:174:30:258:Infinity":48,"f:174:30:174:36":6,"s:175:28:175:Infinity":49,"s:177:8:256:Infinity":50,"b:200:33:200:57:200:57:200:Infinity":7,"f:235:55:235:56":7,"s:236:32:251:Infinity":51,"b:238:69:238:75:238:75:238:Infinity":8,"b:238:101:238:107:238:107:238:Infinity":9,"b:242:103:242:127:242:127:242:151":10,"b:247:91:247:115:247:115:247:139":11,"s:261:30:351:Infinity":52,"f:261:30:261:Infinity":8,"s:262:8:351:Infinity":53,"f:268:37:268:38":9,"s:269:20:288:Infinity":54,"b:274:75:274:Infinity:275:36:275:Infinity":12,"b:275:65:275:90:275:90:275:Infinity":13,"b:276:68:276:94:276:94:276:Infinity":14,"b:278:64:278:70:278:70:278:Infinity":15,"b:278:99:278:105:278:105:278:Infinity":16,"b:282:25:282:Infinity:283:28:286:Infinity":17,"b:285:75:285:99:285:99:285:Infinity":18,"b:298:86:298:110:298:110:298:115":19,"f:332:64:332:65":10,"s:333:28:346:Infinity":55,"b:334:81:334:87:334:87:334:91":20,"s:355:25:395:Infinity":56,"f:355:25:355:Infinity":11,"s:356:8:395:Infinity":57,"b:359:86:359:110:359:110:359:124":21,"b:360:98:360:104:360:104:360:108":22,"b:363:89:363:113:363:113:363:136":23,"b:364:48:364:56:364:56:364:Infinity":24,"b:368:91:368:115:368:115:368:129":25,"b:369:103:369:109:369:109:369:113":26,"b:372:94:372:118:372:118:372:141":27,"b:373:53:373:61:373:61:373:Infinity":28,"b:383:82:383:103:383:103:383:110":29,"b:390:109:390:133:390:133:390:156":30,"b:391:48:391:60:391:60:391:Infinity":31,"s:398:4:551:Infinity":58,"f:410:37:410:43":12,"s:410:43:410:58":59,"b:420:38:420:49:420:49:420:Infinity":32,"f:429:30:429:Infinity":13,"s:430:24:437:Infinity":60,"f:432:37:432:43":14,"s:432:43:432:Infinity":61,"b:433:73:433:84:433:84:433:86":33,"b:449:21:449:49:449:49:449:Infinity":34,"b:450:21:450:49:450:49:450:Infinity":35,"b:451:21:451:44:451:44:451:Infinity":36,"b:461:13:461:29:461:29:461:Infinity:462:16:549:Infinity":37,"f:464:29:464:30":15,"b:464:38:464:96:undefined:undefined:undefined:undefined":38,"s:464:38:464:96":62,"s:464:72:464:96":63,"b:494:63:494:72:494:72:494:Infinity":39,"b:494:99:494:108:494:108:494:Infinity":40,"f:500:41:500:47":16,"s:500:47:500:Infinity":64,"b:527:32:538:Infinity:540:32:540:Infinity":41,"f:527:47:527:48":17,"s:528:36:537:Infinity":65,"b:531:72:531:Infinity:532:44:534:Infinity":42,"b:532:71:532:Infinity:533:48:534:Infinity":43,"b:533:97:533:Infinity:534:52:534:Infinity":44,"b:533:48:533:76:533:76:533:97":45}}}
}
